

================================================================
== Vitis HLS Report for 'actor_top_Pipeline_6'
================================================================
* Date:           Mon Dec 26 02:54:52 2022

* Version:        2022.1 (Build 3526262 on Mon Apr 18 15:47:01 MDT 2022)
* Project:        hls
* Solution:       solution1 (Vivado IP Flow Target)
* Product family: zynq
* Target device:  xc7z020-clg400-2


================================================================
== Performance Estimates
================================================================
+ Timing: 
    * Summary: 
    +--------+---------+----------+------------+
    |  Clock |  Target | Estimated| Uncertainty|
    +--------+---------+----------+------------+
    |ap_clk  |  5.00 ns|  3.361 ns|     1.35 ns|
    +--------+---------+----------+------------+

+ Latency: 
    * Summary: 
    +---------+---------+----------+----------+-------+-------+---------+
    |  Latency (cycles) |  Latency (absolute) |    Interval   | Pipeline|
    |   min   |   max   |    min   |    max   |  min  |  max  |   Type  |
    +---------+---------+----------+----------+-------+-------+---------+
    |    24130|    24130|  0.121 ms|  0.121 ms|  24130|  24130|       no|
    +---------+---------+----------+----------+-------+-------+---------+

    + Detail: 
        * Instance: 
        N/A

        * Loop: 
        +----------+---------+---------+----------+-----------+-----------+-------+----------+
        |          |  Latency (cycles) | Iteration|  Initiation Interval  |  Trip |          |
        | Loop Name|   min   |   max   |  Latency |  achieved |   target  | Count | Pipelined|
        +----------+---------+---------+----------+-----------+-----------+-------+----------+
        |- Loop 1  |    24128|    24128|         2|          1|          1|  24128|       yes|
        +----------+---------+---------+----------+-----------+-----------+-------+----------+



================================================================
== Utilization Estimates
================================================================
* Summary: 
+-----------------+---------+-----+--------+-------+-----+
|       Name      | BRAM_18K| DSP |   FF   |  LUT  | URAM|
+-----------------+---------+-----+--------+-------+-----+
|DSP              |        -|    -|       -|      -|    -|
|Expression       |        -|    -|       0|     23|    -|
|FIFO             |        -|    -|       -|      -|    -|
|Instance         |        -|    -|       -|      -|    -|
|Memory           |        -|    -|       -|      -|    -|
|Multiplexer      |        -|    -|       -|     36|    -|
|Register         |        -|    -|      33|      -|    -|
+-----------------+---------+-----+--------+-------+-----+
|Total            |        0|    0|      33|     59|    0|
+-----------------+---------+-----+--------+-------+-----+
|Available        |      280|  220|  106400|  53200|    0|
+-----------------+---------+-----+--------+-------+-----+
|Utilization (%)  |        0|    0|      ~0|     ~0|    0|
+-----------------+---------+-----+--------+-------+-----+

+ Detail: 
    * Instance: 
    N/A

    * DSP: 
    N/A

    * Memory: 
    N/A

    * FIFO: 
    N/A

    * Expression: 
    +-----------------------+----------+----+---+----+------------+------------+
    |     Variable Name     | Operation| DSP| FF| LUT| Bitwidth P0| Bitwidth P1|
    +-----------------------+----------+----+---+----+------------+------------+
    |empty_168_fu_58_p2     |         +|   0|  0|  15|          15|           1|
    |exitcond8112_fu_52_p2  |      icmp|   0|  0|   6|          15|          15|
    |ap_enable_pp0          |       xor|   0|  0|   2|           1|           2|
    +-----------------------+----------+----+---+----+------------+------------+
    |Total                  |          |   0|  0|  23|          31|          18|
    +-----------------------+----------+----+---+----+------------+------------+

    * Multiplexer: 
    +-------------------------+----+-----------+-----+-----------+
    |           Name          | LUT| Input Size| Bits| Total Bits|
    +-------------------------+----+-----------+-----+-----------+
    |ap_done_int              |   9|          2|    1|          2|
    |ap_enable_reg_pp0_iter1  |   9|          2|    1|          2|
    |ap_sig_allocacmp_p_load  |   9|          2|   15|         30|
    |empty_fu_26              |   9|          2|   15|         30|
    +-------------------------+----+-----------+-----+-----------+
    |Total                    |  36|          8|   32|         64|
    +-------------------------+----+-----------+-----+-----------+

    * Register: 
    +-------------------------+----+----+-----+-----------+
    |           Name          | FF | LUT| Bits| Const Bits|
    +-------------------------+----+----+-----+-----------+
    |ap_CS_fsm                |   1|   0|    1|          0|
    |ap_done_reg              |   1|   0|    1|          0|
    |ap_enable_reg_pp0_iter1  |   1|   0|    1|          0|
    |empty_fu_26              |  15|   0|   15|          0|
    |p_load_reg_80            |  15|   0|   15|          0|
    +-------------------------+----+----+-----+-----------+
    |Total                    |  33|   0|   33|          0|
    +-------------------------+----+----+-----+-----------+



================================================================
== Interface
================================================================
* Summary: 
+-------------------------+-----+-----+------------+----------------------+--------------+
|        RTL Ports        | Dir | Bits|  Protocol  |     Source Object    |    C Type    |
+-------------------------+-----+-----+------------+----------------------+--------------+
|ap_clk                   |   in|    1|  ap_ctrl_hs|  actor_top_Pipeline_6|  return value|
|ap_rst                   |   in|    1|  ap_ctrl_hs|  actor_top_Pipeline_6|  return value|
|ap_start                 |   in|    1|  ap_ctrl_hs|  actor_top_Pipeline_6|  return value|
|ap_done                  |  out|    1|  ap_ctrl_hs|  actor_top_Pipeline_6|  return value|
|ap_idle                  |  out|    1|  ap_ctrl_hs|  actor_top_Pipeline_6|  return value|
|ap_ready                 |  out|    1|  ap_ctrl_hs|  actor_top_Pipeline_6|  return value|
|net_first_grad_address0  |  out|   15|   ap_memory|        net_first_grad|         array|
|net_first_grad_ce0       |  out|    1|   ap_memory|        net_first_grad|         array|
|net_first_grad_we0       |  out|    1|   ap_memory|        net_first_grad|         array|
|net_first_grad_d0        |  out|   32|   ap_memory|        net_first_grad|         array|
+-------------------------+-----+-----+------------+----------------------+--------------+

