

================================================================
== Vitis HLS Report for 'actor_top_Pipeline_VITIS_LOOP_106_2'
================================================================
* Date:           Mon Dec 26 02:54:49 2022

* Version:        2022.1 (Build 3526262 on Mon Apr 18 15:47:01 MDT 2022)
* Project:        hls
* Solution:       solution1 (Vivado IP Flow Target)
* Product family: zynq
* Target device:  xc7z020-clg400-2


================================================================
== Performance Estimates
================================================================
+ Timing: 
    * Summary: 
    +--------+---------+----------+------------+
    |  Clock |  Target | Estimated| Uncertainty|
    +--------+---------+----------+------------+
    |ap_clk  |  5.00 ns|  4.461 ns|     1.35 ns|
    +--------+---------+----------+------------+

+ Latency: 
    * Summary: 
    +---------+---------+----------+----------+-------+-------+---------+
    |  Latency (cycles) |  Latency (absolute) |    Interval   | Pipeline|
    |   min   |   max   |    min   |    max   |  min  |  max  |   Type  |
    +---------+---------+----------+----------+-------+-------+---------+
    |    24129|    24129|  0.121 ms|  0.121 ms|  24129|  24129|       no|
    +---------+---------+----------+----------+-------+-------+---------+

    + Detail: 
        * Instance: 
        N/A

        * Loop: 
        +--------------------+---------+---------+----------+-----------+-----------+------+----------+
        |                    |  Latency (cycles) | Iteration|  Initiation Interval  | Trip |          |
        |      Loop Name     |   min   |   max   |  Latency |  achieved |   target  | Count| Pipelined|
        +--------------------+---------+---------+----------+-----------+-----------+------+----------+
        |- VITIS_LOOP_106_2  |    24127|    24127|       128|         64|          1|   376|       yes|
        +--------------------+---------+---------+----------+-----------+-----------+------+----------+



================================================================
== Utilization Estimates
================================================================
* Summary: 
+-----------------+---------+-----+--------+-------+-----+
|       Name      | BRAM_18K| DSP |   FF   |  LUT  | URAM|
+-----------------+---------+-----+--------+-------+-----+
|DSP              |        -|    -|       -|      -|    -|
|Expression       |        -|    -|       0|    864|    -|
|FIFO             |        -|    -|       -|      -|    -|
|Instance         |        -|    -|       -|      -|    -|
|Memory           |        -|    -|       -|      -|    -|
|Multiplexer      |        -|    -|       -|   1712|    -|
|Register         |        -|    -|    5424|      -|    -|
+-----------------+---------+-----+--------+-------+-----+
|Total            |        0|    0|    5424|   2576|    0|
+-----------------+---------+-----+--------+-------+-----+
|Available        |      280|  220|  106400|  53200|    0|
+-----------------+---------+-----+--------+-------+-----+
|Utilization (%)  |        0|    0|       5|      4|    0|
+-----------------+---------+-----+--------+-------+-----+

+ Detail: 
    * Instance: 
    N/A

    * DSP: 
    N/A

    * Memory: 
    N/A

    * FIFO: 
    N/A

    * Expression: 
    +----------------------------------+----------+----+---+----+------------+------------+
    |           Variable Name          | Operation| DSP| FF| LUT| Bitwidth P0| Bitwidth P1|
    +----------------------------------+----------+----+---+----+------------+------------+
    |add_ln106_fu_2073_p2              |         +|   0|  0|   9|           9|           1|
    |add_ln109_10_fu_1740_p2           |         +|   0|  0|  13|          13|          13|
    |add_ln109_11_fu_1745_p2           |         +|   0|  0|  13|          13|          13|
    |add_ln109_12_fu_1758_p2           |         +|   0|  0|  13|          13|          13|
    |add_ln109_13_fu_1763_p2           |         +|   0|  0|  13|          13|          13|
    |add_ln109_14_fu_1776_p2           |         +|   0|  0|  13|          13|          13|
    |add_ln109_15_fu_1781_p2           |         +|   0|  0|  13|          13|          13|
    |add_ln109_16_fu_1794_p2           |         +|   0|  0|  12|          12|          12|
    |add_ln109_17_fu_1799_p2           |         +|   0|  0|  12|          12|          12|
    |add_ln109_18_fu_1820_p2           |         +|   0|  0|  12|          12|          12|
    |add_ln109_19_fu_1825_p2           |         +|   0|  0|  11|          11|          11|
    |add_ln109_1_fu_1637_p2            |         +|   0|  0|  11|          11|          10|
    |add_ln109_20_fu_1849_p2           |         +|   0|  0|  14|          14|          13|
    |add_ln109_21_fu_1855_p2           |         +|   0|  0|  14|          14|          14|
    |add_ln109_22_fu_1869_p2           |         +|   0|  0|  14|          14|          14|
    |add_ln109_23_fu_1874_p2           |         +|   0|  0|  14|          14|          14|
    |add_ln109_24_fu_1887_p2           |         +|   0|  0|  14|          14|          14|
    |add_ln109_25_fu_1892_p2           |         +|   0|  0|  14|          14|          14|
    |add_ln109_26_fu_1905_p2           |         +|   0|  0|  14|          14|          14|
    |add_ln109_27_fu_1910_p2           |         +|   0|  0|  14|          14|          14|
    |add_ln109_28_fu_1923_p2           |         +|   0|  0|  14|          14|          14|
    |add_ln109_29_fu_1928_p2           |         +|   0|  0|  14|          14|          14|
    |add_ln109_2_fu_1651_p2            |         +|   0|  0|  11|          11|          11|
    |add_ln109_30_fu_1941_p2           |         +|   0|  0|  14|          14|          14|
    |add_ln109_31_fu_1946_p2           |         +|   0|  0|  14|          14|          14|
    |add_ln109_32_fu_1959_p2           |         +|   0|  0|  13|          13|          13|
    |add_ln109_33_fu_1964_p2           |         +|   0|  0|  13|          13|          13|
    |add_ln109_34_fu_1985_p2           |         +|   0|  0|  13|          13|          13|
    |add_ln109_35_fu_1990_p2           |         +|   0|  0|  13|          13|          13|
    |add_ln109_36_fu_2011_p2           |         +|   0|  0|  13|          13|          13|
    |add_ln109_37_fu_2016_p2           |         +|   0|  0|  13|          13|          13|
    |add_ln109_38_fu_2037_p2           |         +|   0|  0|  12|          12|          12|
    |add_ln109_39_fu_2042_p2           |         +|   0|  0|  12|          12|          12|
    |add_ln109_3_fu_1656_p2            |         +|   0|  0|  11|          11|          11|
    |add_ln109_40_fu_2063_p2           |         +|   0|  0|  11|          11|          11|
    |add_ln109_41_fu_2068_p2           |         +|   0|  0|  11|          11|          11|
    |add_ln109_42_fu_2097_p2           |         +|   0|  0|  15|          15|          14|
    |add_ln109_43_fu_2103_p2           |         +|   0|  0|  15|          15|          15|
    |add_ln109_44_fu_2122_p2           |         +|   0|  0|  15|          15|          15|
    |add_ln109_45_fu_2127_p2           |         +|   0|  0|  15|          15|          15|
    |add_ln109_46_fu_2140_p2           |         +|   0|  0|  15|          15|          15|
    |add_ln109_47_fu_2145_p2           |         +|   0|  0|  15|          15|          15|
    |add_ln109_48_fu_2158_p2           |         +|   0|  0|  15|          15|          15|
    |add_ln109_49_fu_2163_p2           |         +|   0|  0|  15|          15|          15|
    |add_ln109_4_fu_1676_p2            |         +|   0|  0|  12|          12|          11|
    |add_ln109_50_fu_2176_p2           |         +|   0|  0|  15|          15|          15|
    |add_ln109_51_fu_2181_p2           |         +|   0|  0|  15|          15|          15|
    |add_ln109_52_fu_2194_p2           |         +|   0|  0|  15|          15|          15|
    |add_ln109_53_fu_2199_p2           |         +|   0|  0|  15|          15|          15|
    |add_ln109_54_fu_2212_p2           |         +|   0|  0|  15|          15|          15|
    |add_ln109_55_fu_2217_p2           |         +|   0|  0|  15|          15|          15|
    |add_ln109_56_fu_2230_p2           |         +|   0|  0|  15|          15|          15|
    |add_ln109_57_fu_2235_p2           |         +|   0|  0|  15|          15|          15|
    |add_ln109_58_fu_2248_p2           |         +|   0|  0|  15|          15|          15|
    |add_ln109_59_fu_2253_p2           |         +|   0|  0|  15|          15|          15|
    |add_ln109_5_fu_1682_p2            |         +|   0|  0|  12|          12|          12|
    |add_ln109_60_fu_2266_p2           |         +|   0|  0|  15|          15|          15|
    |add_ln109_61_fu_2271_p2           |         +|   0|  0|  15|          15|          15|
    |add_ln109_62_fu_2284_p2           |         +|   0|  0|  15|          15|          15|
    |add_ln109_6_fu_1696_p2            |         +|   0|  0|  12|          12|          12|
    |add_ln109_7_fu_1701_p2            |         +|   0|  0|  12|          12|          12|
    |add_ln109_8_fu_1717_p2            |         +|   0|  0|  11|          11|          11|
    |add_ln109_9_fu_1722_p2            |         +|   0|  0|  13|          13|          12|
    |add_ln109_fu_1631_p2              |         +|   0|  0|  10|          10|           9|
    |ap_block_pp0_stage1_00001         |       and|   0|  0|   1|           1|           1|
    |ap_block_state2_pp0_stage1_iter0  |       and|   0|  0|   1|           1|           1|
    |icmp_ln106_fu_1612_p2             |      icmp|   0|  0|   4|           9|           9|
    |ap_enable_pp0                     |       xor|   0|  0|   2|           1|           2|
    +----------------------------------+----------+----+---+----+------------+------------+
    |Total                             |          |   0|  0| 864|         868|         855|
    +----------------------------------+----------+----+---+----+------------+------------+

    * Multiplexer: 
    +-------------------------+-----+-----------+-----+-----------+
    |           Name          | LUT | Input Size| Bits| Total Bits|
    +-------------------------+-----+-----------+-----+-----------+
    |ap_NS_fsm                |  279|         65|    1|         65|
    |ap_done_int              |    9|          2|    1|          2|
    |ap_enable_reg_pp0_iter0  |    9|          2|    1|          2|
    |ap_enable_reg_pp0_iter1  |    9|          2|    1|          2|
    |ap_sig_allocacmp_j_9     |    9|          2|    9|         18|
    |grad_y_address0          |  279|         65|    6|        390|
    |grp_fu_1404_p0           |  221|         51|   32|       1632|
    |grp_fu_1404_p1           |   45|         11|   32|        352|
    |grp_fu_1408_p0           |   45|         11|   32|        352|
    |grp_fu_1408_p1           |   13|          3|   32|         96|
    |j_fu_292                 |    9|          2|    9|         18|
    |net_first_cache_blk_n    |    9|          2|    1|          2|
    |net_first_grad_address0  |  279|         65|   15|        975|
    |net_first_grad_address1  |  279|         65|   15|        975|
    |net_first_grad_d0        |  123|         25|   32|        800|
    |net_first_grad_d1        |   41|         10|   32|        320|
    |reg_1432                 |    9|          2|   32|         64|
    |reg_1448                 |    9|          2|   32|         64|
    |reg_1464                 |    9|          2|   32|         64|
    |reg_1480                 |    9|          2|   32|         64|
    |reg_1496                 |    9|          2|   32|         64|
    |reg_1512                 |    9|          2|   32|         64|
    +-------------------------+-----+-----------+-----+-----------+
    |Total                    | 1712|        395|  443|       6385|
    +-------------------------+-----+-----------+-----+-----------+

    * Register: 
    +-----------------------------------------------+----+----+-----+-----------+
    |                      Name                     | FF | LUT| Bits| Const Bits|
    +-----------------------------------------------+----+----+-----+-----------+
    |add19_i_i_10_reg_3229                          |  32|   0|   32|          0|
    |add19_i_i_11_reg_3265                          |  32|   0|   32|          0|
    |add19_i_i_12_reg_3301                          |  32|   0|   32|          0|
    |add19_i_i_13_reg_3337                          |  32|   0|   32|          0|
    |add19_i_i_14_reg_3378                          |  32|   0|   32|          0|
    |add19_i_i_47_reg_3605                          |  32|   0|   32|          0|
    |add19_i_i_48_reg_3615                          |  32|   0|   32|          0|
    |add19_i_i_49_reg_3620                          |  32|   0|   32|          0|
    |add19_i_i_50_reg_3625                          |  32|   0|   32|          0|
    |add19_i_i_51_reg_3630                          |  32|   0|   32|          0|
    |add19_i_i_52_reg_3635                          |  32|   0|   32|          0|
    |add19_i_i_53_reg_3640                          |  32|   0|   32|          0|
    |add19_i_i_54_reg_3650                          |  32|   0|   32|          0|
    |add19_i_i_55_reg_3655                          |  32|   0|   32|          0|
    |add19_i_i_56_reg_3660                          |  32|   0|   32|          0|
    |add19_i_i_57_reg_3665                          |  32|   0|   32|          0|
    |add19_i_i_58_reg_3670                          |  32|   0|   32|          0|
    |add19_i_i_59_reg_3675                          |  32|   0|   32|          0|
    |add19_i_i_60_reg_3680                          |  32|   0|   32|          0|
    |add19_i_i_61_reg_3685                          |  32|   0|   32|          0|
    |add19_i_i_62_reg_3690                          |  32|   0|   32|          0|
    |add19_i_i_8_reg_3121                           |  32|   0|   32|          0|
    |add19_i_i_9_reg_3157                           |  32|   0|   32|          0|
    |add19_i_i_s_reg_3193                           |  32|   0|   32|          0|
    |add_ln109_10_reg_2496                          |  13|   0|   13|          0|
    |add_ln109_11_reg_2501                          |  13|   0|   13|          0|
    |add_ln109_12_reg_2521                          |  13|   0|   13|          0|
    |add_ln109_13_reg_2526                          |  13|   0|   13|          0|
    |add_ln109_14_reg_2546                          |  13|   0|   13|          0|
    |add_ln109_15_reg_2551                          |  13|   0|   13|          0|
    |add_ln109_16_reg_2576                          |  12|   0|   12|          0|
    |add_ln109_17_reg_2581                          |  12|   0|   12|          0|
    |add_ln109_18_reg_2611                          |  12|   0|   12|          0|
    |add_ln109_19_reg_2616                          |  11|   0|   11|          0|
    |add_ln109_1_reg_2339                           |  11|   0|   11|          0|
    |add_ln109_20_reg_2660                          |  14|   0|   14|          0|
    |add_ln109_21_reg_2665                          |  14|   0|   14|          0|
    |add_ln109_22_reg_2695                          |  14|   0|   14|          0|
    |add_ln109_23_reg_2700                          |  14|   0|   14|          0|
    |add_ln109_24_reg_2730                          |  14|   0|   14|          0|
    |add_ln109_25_reg_2735                          |  14|   0|   14|          0|
    |add_ln109_26_reg_2765                          |  14|   0|   14|          0|
    |add_ln109_27_reg_2770                          |  14|   0|   14|          0|
    |add_ln109_28_reg_2800                          |  14|   0|   14|          0|
    |add_ln109_29_reg_2805                          |  14|   0|   14|          0|
    |add_ln109_2_reg_2364                           |  11|   0|   11|          0|
    |add_ln109_30_reg_2835                          |  14|   0|   14|          0|
    |add_ln109_31_reg_2840                          |  14|   0|   14|          0|
    |add_ln109_32_reg_2866                          |  13|   0|   13|          0|
    |add_ln109_33_reg_2871                          |  13|   0|   13|          0|
    |add_ln109_34_reg_2897                          |  13|   0|   13|          0|
    |add_ln109_35_reg_2902                          |  13|   0|   13|          0|
    |add_ln109_36_reg_2928                          |  13|   0|   13|          0|
    |add_ln109_37_reg_2933                          |  13|   0|   13|          0|
    |add_ln109_38_reg_2959                          |  12|   0|   12|          0|
    |add_ln109_39_reg_2964                          |  12|   0|   12|          0|
    |add_ln109_3_reg_2369                           |  11|   0|   11|          0|
    |add_ln109_40_reg_2990                          |  11|   0|   11|          0|
    |add_ln109_41_reg_2995                          |  11|   0|   11|          0|
    |add_ln109_42_reg_3044                          |  15|   0|   15|          0|
    |add_ln109_43_reg_3049                          |  15|   0|   15|          0|
    |add_ln109_44_reg_3075                          |  15|   0|   15|          0|
    |add_ln109_45_reg_3080                          |  15|   0|   15|          0|
    |add_ln109_46_reg_3106                          |  15|   0|   15|          0|
    |add_ln109_47_reg_3111                          |  15|   0|   15|          0|
    |add_ln109_48_reg_3142                          |  15|   0|   15|          0|
    |add_ln109_49_reg_3147                          |  15|   0|   15|          0|
    |add_ln109_4_reg_2405                           |  12|   0|   12|          0|
    |add_ln109_50_reg_3178                          |  15|   0|   15|          0|
    |add_ln109_51_reg_3183                          |  15|   0|   15|          0|
    |add_ln109_52_reg_3214                          |  15|   0|   15|          0|
    |add_ln109_53_reg_3219                          |  15|   0|   15|          0|
    |add_ln109_54_reg_3250                          |  15|   0|   15|          0|
    |add_ln109_55_reg_3255                          |  15|   0|   15|          0|
    |add_ln109_56_reg_3286                          |  15|   0|   15|          0|
    |add_ln109_57_reg_3291                          |  15|   0|   15|          0|
    |add_ln109_58_reg_3322                          |  15|   0|   15|          0|
    |add_ln109_59_reg_3327                          |  15|   0|   15|          0|
    |add_ln109_5_reg_2410                           |  12|   0|   12|          0|
    |add_ln109_60_reg_3363                          |  15|   0|   15|          0|
    |add_ln109_61_reg_3368                          |  15|   0|   15|          0|
    |add_ln109_62_reg_3404                          |  15|   0|   15|          0|
    |add_ln109_6_reg_2430                           |  12|   0|   12|          0|
    |add_ln109_7_reg_2435                           |  12|   0|   12|          0|
    |add_ln109_8_reg_2471                           |  11|   0|   11|          0|
    |add_ln109_9_reg_2476                           |  13|   0|   13|          0|
    |add_ln109_reg_2334                             |  10|   0|   10|          0|
    |ap_CS_fsm                                      |  64|   0|   64|          0|
    |ap_done_reg                                    |   1|   0|    1|          0|
    |ap_enable_reg_pp0_iter0_reg                    |   1|   0|    1|          0|
    |ap_enable_reg_pp0_iter1                        |   1|   0|    1|          0|
    |grad_y_load_61_reg_3580                        |  32|   0|   32|          0|
    |grad_y_load_62_reg_3590                        |  32|   0|   32|          0|
    |grad_y_load_63_reg_3600                        |  32|   0|   32|          0|
    |grad_y_load_64_reg_3610                        |  32|   0|   32|          0|
    |icmp_ln106_reg_2314                            |   1|   0|    1|          0|
    |j_9_reg_2300                                   |   9|   0|    9|          0|
    |j_cast20_reg_2445                              |   9|   0|   13|          4|
    |j_cast27_reg_2379                              |   9|   0|   12|          3|
    |j_cast30_reg_2318                              |   9|   0|   11|          2|
    |j_cast4_reg_2626                               |   9|   0|   14|          5|
    |j_cast5_reg_3005                               |   9|   0|   15|          6|
    |j_fu_292                                       |   9|   0|    9|          0|
    |mul_i_i_62_reg_3645                            |  32|   0|   32|          0|
    |net_first_cache_read_reg_2349                  |  32|   0|   32|          0|
    |net_first_grad_addr_10_reg_2491                |  13|   0|   15|          2|
    |net_first_grad_addr_11_reg_2511                |  13|   0|   15|          2|
    |net_first_grad_addr_12_reg_2516                |  13|   0|   15|          2|
    |net_first_grad_addr_13_reg_2536                |  13|   0|   15|          2|
    |net_first_grad_addr_14_reg_2541                |  13|   0|   15|          2|
    |net_first_grad_addr_15_reg_2566                |  13|   0|   15|          2|
    |net_first_grad_addr_16_reg_2571                |  13|   0|   15|          2|
    |net_first_grad_addr_17_reg_2601                |  13|   0|   15|          2|
    |net_first_grad_addr_18_reg_2606                |  13|   0|   15|          2|
    |net_first_grad_addr_19_reg_2650                |  13|   0|   15|          2|
    |net_first_grad_addr_1_reg_2354                 |  10|   0|   15|          5|
    |net_first_grad_addr_20_reg_2655                |  13|   0|   15|          2|
    |net_first_grad_addr_21_reg_2685                |  14|   0|   15|          1|
    |net_first_grad_addr_22_reg_2690                |  14|   0|   15|          1|
    |net_first_grad_addr_23_reg_2720                |  14|   0|   15|          1|
    |net_first_grad_addr_24_reg_2725                |  14|   0|   15|          1|
    |net_first_grad_addr_25_reg_2755                |  14|   0|   15|          1|
    |net_first_grad_addr_26_reg_2760                |  14|   0|   15|          1|
    |net_first_grad_addr_27_reg_2790                |  14|   0|   15|          1|
    |net_first_grad_addr_28_reg_2795                |  14|   0|   15|          1|
    |net_first_grad_addr_29_reg_2825                |  14|   0|   15|          1|
    |net_first_grad_addr_2_reg_2359                 |  11|   0|   15|          4|
    |net_first_grad_addr_30_reg_2830                |  14|   0|   15|          1|
    |net_first_grad_addr_31_reg_2855                |  14|   0|   15|          1|
    |net_first_grad_addr_32_reg_2860                |  14|   0|   15|          1|
    |net_first_grad_addr_33_reg_2886                |  14|   0|   15|          1|
    |net_first_grad_addr_34_reg_2891                |  14|   0|   15|          1|
    |net_first_grad_addr_35_reg_2917                |  14|   0|   15|          1|
    |net_first_grad_addr_36_reg_2922                |  14|   0|   15|          1|
    |net_first_grad_addr_37_reg_2948                |  14|   0|   15|          1|
    |net_first_grad_addr_38_reg_2953                |  14|   0|   15|          1|
    |net_first_grad_addr_39_reg_2979                |  14|   0|   15|          1|
    |net_first_grad_addr_3_reg_2395                 |  11|   0|   15|          4|
    |net_first_grad_addr_40_reg_2984                |  14|   0|   15|          1|
    |net_first_grad_addr_41_reg_3033                |  14|   0|   15|          1|
    |net_first_grad_addr_42_reg_3038                |  14|   0|   15|          1|
    |net_first_grad_addr_43_reg_3064                |  15|   0|   15|          0|
    |net_first_grad_addr_44_reg_3069                |  15|   0|   15|          0|
    |net_first_grad_addr_45_reg_3095                |  15|   0|   15|          0|
    |net_first_grad_addr_46_reg_3100                |  15|   0|   15|          0|
    |net_first_grad_addr_47_reg_3131                |  15|   0|   15|          0|
    |net_first_grad_addr_48_reg_3137                |  15|   0|   15|          0|
    |net_first_grad_addr_48_reg_3137_pp0_iter1_reg  |  15|   0|   15|          0|
    |net_first_grad_addr_49_reg_3167                |  15|   0|   15|          0|
    |net_first_grad_addr_49_reg_3167_pp0_iter1_reg  |  15|   0|   15|          0|
    |net_first_grad_addr_4_reg_2400                 |  11|   0|   15|          4|
    |net_first_grad_addr_50_reg_3173                |  15|   0|   15|          0|
    |net_first_grad_addr_50_reg_3173_pp0_iter1_reg  |  15|   0|   15|          0|
    |net_first_grad_addr_51_reg_3203                |  15|   0|   15|          0|
    |net_first_grad_addr_51_reg_3203_pp0_iter1_reg  |  15|   0|   15|          0|
    |net_first_grad_addr_52_reg_3209                |  15|   0|   15|          0|
    |net_first_grad_addr_52_reg_3209_pp0_iter1_reg  |  15|   0|   15|          0|
    |net_first_grad_addr_53_reg_3239                |  15|   0|   15|          0|
    |net_first_grad_addr_53_reg_3239_pp0_iter1_reg  |  15|   0|   15|          0|
    |net_first_grad_addr_54_reg_3245                |  15|   0|   15|          0|
    |net_first_grad_addr_54_reg_3245_pp0_iter1_reg  |  15|   0|   15|          0|
    |net_first_grad_addr_55_reg_3275                |  15|   0|   15|          0|
    |net_first_grad_addr_55_reg_3275_pp0_iter1_reg  |  15|   0|   15|          0|
    |net_first_grad_addr_56_reg_3281                |  15|   0|   15|          0|
    |net_first_grad_addr_56_reg_3281_pp0_iter1_reg  |  15|   0|   15|          0|
    |net_first_grad_addr_57_reg_3311                |  15|   0|   15|          0|
    |net_first_grad_addr_57_reg_3311_pp0_iter1_reg  |  15|   0|   15|          0|
    |net_first_grad_addr_58_reg_3317                |  15|   0|   15|          0|
    |net_first_grad_addr_58_reg_3317_pp0_iter1_reg  |  15|   0|   15|          0|
    |net_first_grad_addr_59_reg_3352                |  15|   0|   15|          0|
    |net_first_grad_addr_59_reg_3352_pp0_iter1_reg  |  15|   0|   15|          0|
    |net_first_grad_addr_5_reg_2420                 |  12|   0|   15|          3|
    |net_first_grad_addr_60_reg_3358                |  15|   0|   15|          0|
    |net_first_grad_addr_60_reg_3358_pp0_iter1_reg  |  15|   0|   15|          0|
    |net_first_grad_addr_61_reg_3393                |  15|   0|   15|          0|
    |net_first_grad_addr_61_reg_3393_pp0_iter1_reg  |  15|   0|   15|          0|
    |net_first_grad_addr_62_reg_3399                |  15|   0|   15|          0|
    |net_first_grad_addr_62_reg_3399_pp0_iter1_reg  |  15|   0|   15|          0|
    |net_first_grad_addr_63_reg_3424                |  15|   0|   15|          0|
    |net_first_grad_addr_63_reg_3424_pp0_iter1_reg  |  15|   0|   15|          0|
    |net_first_grad_addr_6_reg_2425                 |  12|   0|   15|          3|
    |net_first_grad_addr_7_reg_2461                 |  12|   0|   15|          3|
    |net_first_grad_addr_8_reg_2466                 |  12|   0|   15|          3|
    |net_first_grad_addr_9_reg_2486                 |  12|   0|   15|          3|
    |net_first_grad_addr_reg_2328                   |   9|   0|   15|          6|
    |net_first_grad_load_14_reg_2561                |  32|   0|   32|          0|
    |net_first_grad_load_15_reg_2591                |  32|   0|   32|          0|
    |net_first_grad_load_16_reg_2596                |  32|   0|   32|          0|
    |net_first_grad_load_17_reg_2640                |  32|   0|   32|          0|
    |net_first_grad_load_18_reg_2645                |  32|   0|   32|          0|
    |net_first_grad_load_19_reg_2675                |  32|   0|   32|          0|
    |net_first_grad_load_20_reg_2680                |  32|   0|   32|          0|
    |net_first_grad_load_21_reg_2710                |  32|   0|   32|          0|
    |net_first_grad_load_22_reg_2715                |  32|   0|   32|          0|
    |net_first_grad_load_23_reg_2745                |  32|   0|   32|          0|
    |net_first_grad_load_24_reg_2750                |  32|   0|   32|          0|
    |net_first_grad_load_25_reg_2780                |  32|   0|   32|          0|
    |net_first_grad_load_26_reg_2785                |  32|   0|   32|          0|
    |net_first_grad_load_27_reg_2815                |  32|   0|   32|          0|
    |net_first_grad_load_28_reg_2820                |  32|   0|   32|          0|
    |net_first_grad_load_30_reg_2850                |  32|   0|   32|          0|
    |net_first_grad_load_32_reg_2881                |  32|   0|   32|          0|
    |net_first_grad_load_34_reg_2912                |  32|   0|   32|          0|
    |net_first_grad_load_36_reg_2943                |  32|   0|   32|          0|
    |net_first_grad_load_38_reg_2974                |  32|   0|   32|          0|
    |net_first_grad_load_40_reg_3028                |  32|   0|   32|          0|
    |net_first_grad_load_42_reg_3059                |  32|   0|   32|          0|
    |net_first_grad_load_44_reg_3090                |  32|   0|   32|          0|
    |net_first_grad_load_46_reg_3126                |  32|   0|   32|          0|
    |net_first_grad_load_48_reg_3162                |  32|   0|   32|          0|
    |net_first_grad_load_50_reg_3198                |  32|   0|   32|          0|
    |net_first_grad_load_52_reg_3234                |  32|   0|   32|          0|
    |net_first_grad_load_54_reg_3270                |  32|   0|   32|          0|
    |net_first_grad_load_56_reg_3306                |  32|   0|   32|          0|
    |net_first_grad_load_57_reg_3342                |  32|   0|   32|          0|
    |net_first_grad_load_58_reg_3347                |  32|   0|   32|          0|
    |net_first_grad_load_59_reg_3383                |  32|   0|   32|          0|
    |net_first_grad_load_60_reg_3388                |  32|   0|   32|          0|
    |net_first_grad_load_61_reg_3414                |  32|   0|   32|          0|
    |net_first_grad_load_62_reg_3419                |  32|   0|   32|          0|
    |net_first_grad_load_63_reg_3435                |  32|   0|   32|          0|
    |reg_1412                                       |  32|   0|   32|          0|
    |reg_1417                                       |  32|   0|   32|          0|
    |reg_1422                                       |  32|   0|   32|          0|
    |reg_1427                                       |  32|   0|   32|          0|
    |reg_1432                                       |  32|   0|   32|          0|
    |reg_1438                                       |  32|   0|   32|          0|
    |reg_1443                                       |  32|   0|   32|          0|
    |reg_1448                                       |  32|   0|   32|          0|
    |reg_1454                                       |  32|   0|   32|          0|
    |reg_1459                                       |  32|   0|   32|          0|
    |reg_1464                                       |  32|   0|   32|          0|
    |reg_1470                                       |  32|   0|   32|          0|
    |reg_1475                                       |  32|   0|   32|          0|
    |reg_1480                                       |  32|   0|   32|          0|
    |reg_1486                                       |  32|   0|   32|          0|
    |reg_1491                                       |  32|   0|   32|          0|
    |reg_1496                                       |  32|   0|   32|          0|
    |reg_1502                                       |  32|   0|   32|          0|
    |reg_1507                                       |  32|   0|   32|          0|
    |reg_1512                                       |  32|   0|   32|          0|
    |reg_1518                                       |  32|   0|   32|          0|
    |reg_1523                                       |  32|   0|   32|          0|
    |reg_1528                                       |  32|   0|   32|          0|
    |reg_1533                                       |  32|   0|   32|          0|
    |reg_1538                                       |  32|   0|   32|          0|
    |reg_1543                                       |  32|   0|   32|          0|
    |reg_1548                                       |  32|   0|   32|          0|
    |reg_1553                                       |  32|   0|   32|          0|
    |reg_1558                                       |  32|   0|   32|          0|
    |reg_1563                                       |  32|   0|   32|          0|
    |reg_1569                                       |  32|   0|   32|          0|
    |reg_1574                                       |  32|   0|   32|          0|
    |reg_1579                                       |  32|   0|   32|          0|
    |reg_1584                                       |  32|   0|   32|          0|
    |reg_1589                                       |  32|   0|   32|          0|
    |reg_1594                                       |  32|   0|   32|          0|
    |reg_1599                                       |  32|   0|   32|          0|
    |tmp_reg_2390                                   |  32|   0|   32|          0|
    +-----------------------------------------------+----+----+-----+-----------+
    |Total                                          |5424|   0| 5526|        102|
    +-----------------------------------------------+----+----+-----+-----------+



================================================================
== Interface
================================================================
* Summary: 
+-------------------------+-----+-----+------------+-------------------------------------+--------------+
|        RTL Ports        | Dir | Bits|  Protocol  |            Source Object            |    C Type    |
+-------------------------+-----+-----+------------+-------------------------------------+--------------+
|ap_clk                   |   in|    1|  ap_ctrl_hs|  actor_top_Pipeline_VITIS_LOOP_106_2|  return value|
|ap_rst                   |   in|    1|  ap_ctrl_hs|  actor_top_Pipeline_VITIS_LOOP_106_2|  return value|
|ap_start                 |   in|    1|  ap_ctrl_hs|  actor_top_Pipeline_VITIS_LOOP_106_2|  return value|
|ap_done                  |  out|    1|  ap_ctrl_hs|  actor_top_Pipeline_VITIS_LOOP_106_2|  return value|
|ap_idle                  |  out|    1|  ap_ctrl_hs|  actor_top_Pipeline_VITIS_LOOP_106_2|  return value|
|ap_ready                 |  out|    1|  ap_ctrl_hs|  actor_top_Pipeline_VITIS_LOOP_106_2|  return value|
|grp_fu_394_p_din0        |  out|   32|  ap_ctrl_hs|  actor_top_Pipeline_VITIS_LOOP_106_2|  return value|
|grp_fu_394_p_din1        |  out|   32|  ap_ctrl_hs|  actor_top_Pipeline_VITIS_LOOP_106_2|  return value|
|grp_fu_394_p_opcode      |  out|    1|  ap_ctrl_hs|  actor_top_Pipeline_VITIS_LOOP_106_2|  return value|
|grp_fu_394_p_dout0       |   in|   32|  ap_ctrl_hs|  actor_top_Pipeline_VITIS_LOOP_106_2|  return value|
|grp_fu_394_p_ce          |  out|    1|  ap_ctrl_hs|  actor_top_Pipeline_VITIS_LOOP_106_2|  return value|
|grp_fu_398_p_din0        |  out|   32|  ap_ctrl_hs|  actor_top_Pipeline_VITIS_LOOP_106_2|  return value|
|grp_fu_398_p_din1        |  out|   32|  ap_ctrl_hs|  actor_top_Pipeline_VITIS_LOOP_106_2|  return value|
|grp_fu_398_p_dout0       |   in|   32|  ap_ctrl_hs|  actor_top_Pipeline_VITIS_LOOP_106_2|  return value|
|grp_fu_398_p_ce          |  out|    1|  ap_ctrl_hs|  actor_top_Pipeline_VITIS_LOOP_106_2|  return value|
|grad_y_address0          |  out|    6|   ap_memory|                               grad_y|         array|
|grad_y_ce0               |  out|    1|   ap_memory|                               grad_y|         array|
|grad_y_q0                |   in|   32|   ap_memory|                               grad_y|         array|
|net_first_cache_dout     |   in|   32|     ap_fifo|                      net_first_cache|       pointer|
|net_first_cache_empty_n  |   in|    1|     ap_fifo|                      net_first_cache|       pointer|
|net_first_cache_read     |  out|    1|     ap_fifo|                      net_first_cache|       pointer|
|net_first_grad_address0  |  out|   15|   ap_memory|                       net_first_grad|         array|
|net_first_grad_ce0       |  out|    1|   ap_memory|                       net_first_grad|         array|
|net_first_grad_we0       |  out|    1|   ap_memory|                       net_first_grad|         array|
|net_first_grad_d0        |  out|   32|   ap_memory|                       net_first_grad|         array|
|net_first_grad_q0        |   in|   32|   ap_memory|                       net_first_grad|         array|
|net_first_grad_address1  |  out|   15|   ap_memory|                       net_first_grad|         array|
|net_first_grad_ce1       |  out|    1|   ap_memory|                       net_first_grad|         array|
|net_first_grad_we1       |  out|    1|   ap_memory|                       net_first_grad|         array|
|net_first_grad_d1        |  out|   32|   ap_memory|                       net_first_grad|         array|
|net_first_grad_q1        |   in|   32|   ap_memory|                       net_first_grad|         array|
+-------------------------+-----+-----+------------+-------------------------------------+--------------+

