

================================================================
== Vitis HLS Report for 'actor_top_Pipeline_VITIS_LOOP_27_121'
================================================================
* Date:           Mon Dec 26 02:54:53 2022

* Version:        2022.1 (Build 3526262 on Mon Apr 18 15:47:01 MDT 2022)
* Project:        hls
* Solution:       solution1 (Vivado IP Flow Target)
* Product family: zynq
* Target device:  xc7z020-clg400-2


================================================================
== Performance Estimates
================================================================
+ Timing: 
    * Summary: 
    +--------+---------+----------+------------+
    |  Clock |  Target | Estimated| Uncertainty|
    +--------+---------+----------+------------+
    |ap_clk  |  5.00 ns|  3.241 ns|     1.35 ns|
    +--------+---------+----------+------------+

+ Latency: 
    * Summary: 
    +---------+---------+----------+----------+-----+-----+---------+
    |  Latency (cycles) |  Latency (absolute) |  Interval | Pipeline|
    |   min   |   max   |    min   |    max   | min | max |   Type  |
    +---------+---------+----------+----------+-----+-----+---------+
    |      522|      522|  2.610 us|  2.610 us|  522|  522|       no|
    +---------+---------+----------+----------+-----+-----+---------+

    + Detail: 
        * Instance: 
        N/A

        * Loop: 
        +-------------------+---------+---------+----------+-----------+-----------+------+----------+
        |                   |  Latency (cycles) | Iteration|  Initiation Interval  | Trip |          |
        |     Loop Name     |   min   |   max   |  Latency |  achieved |   target  | Count| Pipelined|
        +-------------------+---------+---------+----------+-----------+-----------+------+----------+
        |- VITIS_LOOP_27_1  |      520|      520|         2|          1|          1|   520|       yes|
        +-------------------+---------+---------+----------+-----------+-----------+------+----------+



================================================================
== Utilization Estimates
================================================================
* Summary: 
+-----------------+---------+-----+--------+-------+-----+
|       Name      | BRAM_18K| DSP |   FF   |  LUT  | URAM|
+-----------------+---------+-----+--------+-------+-----+
|DSP              |        -|    -|       -|      -|    -|
|Expression       |        -|    -|       0|     18|    -|
|FIFO             |        -|    -|       -|      -|    -|
|Instance         |        -|    -|       -|      -|    -|
|Memory           |        -|    -|       -|      -|    -|
|Multiplexer      |        -|    -|       -|     45|    -|
|Register         |        -|    -|      13|      -|    -|
+-----------------+---------+-----+--------+-------+-----+
|Total            |        0|    0|      13|     63|    0|
+-----------------+---------+-----+--------+-------+-----+
|Available        |      280|  220|  106400|  53200|    0|
+-----------------+---------+-----+--------+-------+-----+
|Utilization (%)  |        0|    0|      ~0|     ~0|    0|
+-----------------+---------+-----+--------+-------+-----+

+ Detail: 
    * Instance: 
    N/A

    * DSP: 
    N/A

    * Memory: 
    N/A

    * FIFO: 
    N/A

    * Expression: 
    +---------------------------+----------+----+---+----+------------+------------+
    |       Variable Name       | Operation| DSP| FF| LUT| Bitwidth P0| Bitwidth P1|
    +---------------------------+----------+----+---+----+------------+------------+
    |add_ln27_fu_78_p2          |         +|   0|  0|  10|          10|           1|
    |ap_block_pp0_stage0_01001  |       and|   0|  0|   1|           1|           1|
    |icmp_ln27_fu_72_p2         |      icmp|   0|  0|   5|          10|          10|
    |ap_enable_pp0              |       xor|   0|  0|   2|           1|           2|
    +---------------------------+----------+----+---+----+------------+------------+
    |Total                      |          |   0|  0|  18|          22|          14|
    +---------------------------+----------+----+---+----+------------+------------+

    * Multiplexer: 
    +-------------------------+----+-----------+-----+-----------+
    |           Name          | LUT| Input Size| Bits| Total Bits|
    +-------------------------+----+-----------+-----+-----------+
    |ap_done_int              |   9|          2|    1|          2|
    |ap_enable_reg_pp0_iter1  |   9|          2|    1|          2|
    |ap_sig_allocacmp_i       |   9|          2|   10|         20|
    |i_9_fu_40                |   9|          2|   10|         20|
    |out_grad_TDATA_blk_n     |   9|          2|    1|          2|
    +-------------------------+----+-----------+-----+-----------+
    |Total                    |  45|         10|   23|         46|
    +-------------------------+----+-----------+-----+-----------+

    * Register: 
    +-------------------------+----+----+-----+-----------+
    |           Name          | FF | LUT| Bits| Const Bits|
    +-------------------------+----+----+-----+-----------+
    |ap_CS_fsm                |   1|   0|    1|          0|
    |ap_done_reg              |   1|   0|    1|          0|
    |ap_enable_reg_pp0_iter1  |   1|   0|    1|          0|
    |i_9_fu_40                |  10|   0|   10|          0|
    +-------------------------+----+----+-----+-----------+
    |Total                    |  13|   0|   13|          0|
    +-------------------------+----+----+-----+-----------+



================================================================
== Interface
================================================================
* Summary: 
+---------------------------------------------------------+-----+-----+------------+------------------------------------------------+--------------+
|                        RTL Ports                        | Dir | Bits|  Protocol  |                  Source Object                 |    C Type    |
+---------------------------------------------------------+-----+-----+------------+------------------------------------------------+--------------+
|ap_clk                                                   |   in|    1|  ap_ctrl_hs|            actor_top_Pipeline_VITIS_LOOP_27_121|  return value|
|ap_rst                                                   |   in|    1|  ap_ctrl_hs|            actor_top_Pipeline_VITIS_LOOP_27_121|  return value|
|ap_start                                                 |   in|    1|  ap_ctrl_hs|            actor_top_Pipeline_VITIS_LOOP_27_121|  return value|
|ap_done                                                  |  out|    1|  ap_ctrl_hs|            actor_top_Pipeline_VITIS_LOOP_27_121|  return value|
|ap_idle                                                  |  out|    1|  ap_ctrl_hs|            actor_top_Pipeline_VITIS_LOOP_27_121|  return value|
|ap_ready                                                 |  out|    1|  ap_ctrl_hs|            actor_top_Pipeline_VITIS_LOOP_27_121|  return value|
|out_grad_TREADY                                          |   in|    1|        axis|                                        out_grad|       pointer|
|out_grad_TDATA                                           |  out|   32|        axis|                                        out_grad|       pointer|
|out_grad_TVALID                                          |  out|    1|        axis|                                        out_grad|       pointer|
|net_next_next_next_next_first_node2_first_grad_address0  |  out|   10|   ap_memory|  net_next_next_next_next_first_node2_first_grad|         array|
|net_next_next_next_next_first_node2_first_grad_ce0       |  out|    1|   ap_memory|  net_next_next_next_next_first_node2_first_grad|         array|
|net_next_next_next_next_first_node2_first_grad_q0        |   in|   32|   ap_memory|  net_next_next_next_next_first_node2_first_grad|         array|
+---------------------------------------------------------+-----+-----+------------+------------------------------------------------+--------------+

