

================================================================
== Vitis HLS Report for 'actor_top_Pipeline_VITIS_LOOP_20_1'
================================================================
* Date:           Mon Dec 26 02:54:54 2022

* Version:        2022.1 (Build 3526262 on Mon Apr 18 15:47:01 MDT 2022)
* Project:        hls
* Solution:       solution1 (Vivado IP Flow Target)
* Product family: zynq
* Target device:  xc7z020-clg400-2


================================================================
== Performance Estimates
================================================================
+ Timing: 
    * Summary: 
    +--------+---------+----------+------------+
    |  Clock |  Target | Estimated| Uncertainty|
    +--------+---------+----------+------------+
    |ap_clk  |  5.00 ns|  3.361 ns|     1.35 ns|
    +--------+---------+----------+------------+

+ Latency: 
    * Summary: 
    +---------+---------+----------+----------+-------+-------+---------+
    |  Latency (cycles) |  Latency (absolute) |    Interval   | Pipeline|
    |   min   |   max   |    min   |    max   |  min  |  max  |   Type  |
    +---------+---------+----------+----------+-------+-------+---------+
    |    24130|    24130|  0.121 ms|  0.121 ms|  24130|  24130|       no|
    +---------+---------+----------+----------+-------+-------+---------+

    + Detail: 
        * Instance: 
        N/A

        * Loop: 
        +-------------------+---------+---------+----------+-----------+-----------+-------+----------+
        |                   |  Latency (cycles) | Iteration|  Initiation Interval  |  Trip |          |
        |     Loop Name     |   min   |   max   |  Latency |  achieved |   target  | Count | Pipelined|
        +-------------------+---------+---------+----------+-----------+-----------+-------+----------+
        |- VITIS_LOOP_20_1  |    24128|    24128|         2|          1|          1|  24128|       yes|
        +-------------------+---------+---------+----------+-----------+-----------+-------+----------+



================================================================
== Utilization Estimates
================================================================
* Summary: 
+-----------------+---------+-----+--------+-------+-----+
|       Name      | BRAM_18K| DSP |   FF   |  LUT  | URAM|
+-----------------+---------+-----+--------+-------+-----+
|DSP              |        -|    -|       -|      -|    -|
|Expression       |        -|    -|       0|     25|    -|
|FIFO             |        -|    -|       -|      -|    -|
|Instance         |        -|    -|       -|      -|    -|
|Memory           |        -|    -|       -|      -|    -|
|Multiplexer      |        -|    -|       -|     45|    -|
|Register         |        -|    -|      65|      -|    -|
+-----------------+---------+-----+--------+-------+-----+
|Total            |        0|    0|      65|     70|    0|
+-----------------+---------+-----+--------+-------+-----+
|Available        |      280|  220|  106400|  53200|    0|
+-----------------+---------+-----+--------+-------+-----+
|Utilization (%)  |        0|    0|      ~0|     ~0|    0|
+-----------------+---------+-----+--------+-------+-----+

+ Detail: 
    * Instance: 
    N/A

    * DSP: 
    N/A

    * Memory: 
    N/A

    * FIFO: 
    N/A

    * Expression: 
    +----------------------------------+----------+----+---+----+------------+------------+
    |           Variable Name          | Operation| DSP| FF| LUT| Bitwidth P0| Bitwidth P1|
    +----------------------------------+----------+----+---+----+------------+------------+
    |add_ln20_fu_77_p2                 |         +|   0|  0|  15|          15|           1|
    |ap_block_pp0_stage0_11001         |       and|   0|  0|   1|           1|           1|
    |ap_block_state1_pp0_stage0_iter0  |       and|   0|  0|   1|           1|           1|
    |icmp_ln20_fu_71_p2                |      icmp|   0|  0|   6|          15|          15|
    |ap_enable_pp0                     |       xor|   0|  0|   2|           1|           2|
    +----------------------------------+----------+----+---+----+------------+------------+
    |Total                             |          |   0|  0|  25|          33|          20|
    +----------------------------------+----------+----+---+----+------------+------------+

    * Multiplexer: 
    +-------------------------+----+-----------+-----+-----------+
    |           Name          | LUT| Input Size| Bits| Total Bits|
    +-------------------------+----+-----------+-----+-----------+
    |ap_done_int              |   9|          2|    1|          2|
    |ap_enable_reg_pp0_iter1  |   9|          2|    1|          2|
    |ap_sig_allocacmp_i_27    |   9|          2|   15|         30|
    |i_fu_40                  |   9|          2|   15|         30|
    |in_param_TDATA_blk_n     |   9|          2|    1|          2|
    +-------------------------+----+-----------+-----+-----------+
    |Total                    |  45|         10|   33|         66|
    +-------------------------+----+-----------+-----+-----------+

    * Register: 
    +-------------------------+----+----+-----+-----------+
    |           Name          | FF | LUT| Bits| Const Bits|
    +-------------------------+----+----+-----+-----------+
    |ap_CS_fsm                |   1|   0|    1|          0|
    |ap_done_reg              |   1|   0|    1|          0|
    |ap_enable_reg_pp0_iter1  |   1|   0|    1|          0|
    |i_27_reg_103             |  15|   0|   15|          0|
    |i_fu_40                  |  15|   0|   15|          0|
    |in_param_read_reg_111    |  32|   0|   32|          0|
    +-------------------------+----+----+-----+-----------+
    |Total                    |  65|   0|   65|          0|
    +-------------------------+----+----+-----+-----------+



================================================================
== Interface
================================================================
* Summary: 
+--------------------------+-----+-----+------------+------------------------------------+--------------+
|         RTL Ports        | Dir | Bits|  Protocol  |            Source Object           |    C Type    |
+--------------------------+-----+-----+------------+------------------------------------+--------------+
|ap_clk                    |   in|    1|  ap_ctrl_hs|  actor_top_Pipeline_VITIS_LOOP_20_1|  return value|
|ap_rst                    |   in|    1|  ap_ctrl_hs|  actor_top_Pipeline_VITIS_LOOP_20_1|  return value|
|ap_start                  |   in|    1|  ap_ctrl_hs|  actor_top_Pipeline_VITIS_LOOP_20_1|  return value|
|ap_done                   |  out|    1|  ap_ctrl_hs|  actor_top_Pipeline_VITIS_LOOP_20_1|  return value|
|ap_idle                   |  out|    1|  ap_ctrl_hs|  actor_top_Pipeline_VITIS_LOOP_20_1|  return value|
|ap_ready                  |  out|    1|  ap_ctrl_hs|  actor_top_Pipeline_VITIS_LOOP_20_1|  return value|
|in_param_TVALID           |   in|    1|        axis|                            in_param|       pointer|
|in_param_TDATA            |   in|   32|        axis|                            in_param|       pointer|
|in_param_TREADY           |  out|    1|        axis|                            in_param|       pointer|
|net_first_param_address0  |  out|   15|   ap_memory|                     net_first_param|         array|
|net_first_param_ce0       |  out|    1|   ap_memory|                     net_first_param|         array|
|net_first_param_we0       |  out|    1|   ap_memory|                     net_first_param|         array|
|net_first_param_d0        |  out|   32|   ap_memory|                     net_first_param|         array|
+--------------------------+-----+-----+------------+------------------------------------+--------------+

