

================================================================
== Vitis HLS Report for 'backward_1_Pipeline_VITIS_LOOP_92_6'
================================================================
* Date:           Mon Dec 26 02:54:35 2022

* Version:        2022.1 (Build 3526262 on Mon Apr 18 15:47:01 MDT 2022)
* Project:        hls
* Solution:       solution1 (Vivado IP Flow Target)
* Product family: zynq
* Target device:  xc7z020-clg400-2


================================================================
== Performance Estimates
================================================================
+ Timing: 
    * Summary: 
    +--------+---------+----------+------------+
    |  Clock |  Target | Estimated| Uncertainty|
    +--------+---------+----------+------------+
    |ap_clk  |  5.00 ns|  3.585 ns|     1.35 ns|
    +--------+---------+----------+------------+

+ Latency: 
    * Summary: 
    +---------+---------+----------+----------+-----+-----+---------+
    |  Latency (cycles) |  Latency (absolute) |  Interval | Pipeline|
    |   min   |   max   |    min   |    max   | min | max |   Type  |
    +---------+---------+----------+----------+-----+-----+---------+
    |       83|       83|  0.415 us|  0.415 us|   83|   83|       no|
    +---------+---------+----------+----------+-----+-----+---------+

    + Detail: 
        * Instance: 
        N/A

        * Loop: 
        +-------------------+---------+---------+----------+-----------+-----------+------+----------+
        |                   |  Latency (cycles) | Iteration|  Initiation Interval  | Trip |          |
        |     Loop Name     |   min   |   max   |  Latency |  achieved |   target  | Count| Pipelined|
        +-------------------+---------+---------+----------+-----------+-----------+------+----------+
        |- VITIS_LOOP_92_6  |       81|       81|        12|         10|          1|     8|       yes|
        +-------------------+---------+---------+----------+-----------+-----------+------+----------+



================================================================
== Utilization Estimates
================================================================
* Summary: 
+-----------------+---------+-----+--------+-------+-----+
|       Name      | BRAM_18K| DSP |   FF   |  LUT  | URAM|
+-----------------+---------+-----+--------+-------+-----+
|DSP              |        -|    -|       -|      -|    -|
|Expression       |        -|    -|       0|     65|    -|
|FIFO             |        -|    -|       -|      -|    -|
|Instance         |        -|    -|       -|      -|    -|
|Memory           |        -|    -|       -|      -|    -|
|Multiplexer      |        -|    -|       -|    130|    -|
|Register         |        -|    -|     218|      -|    -|
+-----------------+---------+-----+--------+-------+-----+
|Total            |        0|    0|     218|    195|    0|
+-----------------+---------+-----+--------+-------+-----+
|Available        |      280|  220|  106400|  53200|    0|
+-----------------+---------+-----+--------+-------+-----+
|Utilization (%)  |        0|    0|      ~0|     ~0|    0|
+-----------------+---------+-----+--------+-------+-----+

+ Detail: 
    * Instance: 
    N/A

    * DSP: 
    N/A

    * Memory: 
    N/A

    * FIFO: 
    N/A

    * Expression: 
    +------------------------+----------+----+---+----+------------+------------+
    |      Variable Name     | Operation| DSP| FF| LUT| Bitwidth P0| Bitwidth P1|
    +------------------------+----------+----+---+----+------------+------------+
    |add_ln92_fu_104_p2      |         +|   0|  0|   6|           4|           1|
    |addr_cmp_fu_131_p2      |      icmp|   0|  0|  23|          64|          64|
    |icmp_ln92_fu_98_p2      |      icmp|   0|  0|   2|           4|           5|
    |reuse_select_fu_150_p3  |    select|   0|  0|  32|           1|          32|
    |ap_enable_pp0           |       xor|   0|  0|   2|           1|           2|
    +------------------------+----------+----+---+----+------------+------------+
    |Total                   |          |   0|  0|  65|          74|         104|
    +------------------------+----------+----+---+----+------------+------------+

    * Multiplexer: 
    +---------------------------------------------------+----+-----------+-----+-----------+
    |                        Name                       | LUT| Input Size| Bits| Total Bits|
    +---------------------------------------------------+----+-----------+-----+-----------+
    |ap_NS_fsm                                          |  45|         11|    1|         11|
    |ap_done_int                                        |   9|          2|    1|          2|
    |ap_enable_reg_pp0_iter0                            |   9|          2|    1|          2|
    |ap_enable_reg_pp0_iter0_reg                        |   9|          2|    1|          2|
    |ap_enable_reg_pp0_iter1                            |   9|          2|    1|          2|
    |ap_sig_allocacmp_reuse_reg_load                    |   9|          2|   32|         64|
    |i_fu_46                                            |   9|          2|    4|          8|
    |net_next_next_next_next_first_node1_grad_address0  |  13|          3|   10|         30|
    |reuse_addr_reg_fu_38                               |   9|          2|   63|        126|
    |reuse_reg_fu_42                                    |   9|          2|   32|         64|
    +---------------------------------------------------+----+-----------+-----+-----------+
    |Total                                              | 130|         30|  146|        311|
    +---------------------------------------------------+----+-----------+-----+-----------+

    * Register: 
    +---------------------------------------------------------------------+----+----+-----+-----------+
    |                                 Name                                | FF | LUT| Bits| Const Bits|
    +---------------------------------------------------------------------+----+----+-----+-----------+
    |add60_i_reg_211                                                      |  32|   0|   32|          0|
    |addr_cmp_reg_196                                                     |   1|   0|    1|          0|
    |ap_CS_fsm                                                            |  10|   0|   10|          0|
    |ap_done_reg                                                          |   1|   0|    1|          0|
    |ap_enable_reg_pp0_iter0_reg                                          |   1|   0|    1|          0|
    |ap_enable_reg_pp0_iter1                                              |   1|   0|    1|          0|
    |grad_y_1_load_reg_201                                                |  32|   0|   32|          0|
    |i_fu_46                                                              |   4|   0|    4|          0|
    |icmp_ln92_reg_182                                                    |   1|   0|    1|          0|
    |net_next_next_next_next_first_node1_grad_addr_reg_191                |   4|   0|   10|          6|
    |net_next_next_next_next_first_node1_grad_addr_reg_191_pp0_iter1_reg  |   4|   0|   10|          6|
    |reuse_addr_reg_fu_38                                                 |  63|   0|   64|          1|
    |reuse_reg_fu_42                                                      |  32|   0|   32|          0|
    |reuse_select_reg_206                                                 |  32|   0|   32|          0|
    +---------------------------------------------------------------------+----+----+-----+-----------+
    |Total                                                                | 218|   0|  231|         13|
    +---------------------------------------------------------------------+----+----+-----+-----------+



================================================================
== Interface
================================================================
* Summary: 
+---------------------------------------------------+-----+-----+------------+------------------------------------------+--------------+
|                     RTL Ports                     | Dir | Bits|  Protocol  |               Source Object              |    C Type    |
+---------------------------------------------------+-----+-----+------------+------------------------------------------+--------------+
|ap_clk                                             |   in|    1|  ap_ctrl_hs|       backward.1_Pipeline_VITIS_LOOP_92_6|  return value|
|ap_rst                                             |   in|    1|  ap_ctrl_hs|       backward.1_Pipeline_VITIS_LOOP_92_6|  return value|
|ap_start                                           |   in|    1|  ap_ctrl_hs|       backward.1_Pipeline_VITIS_LOOP_92_6|  return value|
|ap_done                                            |  out|    1|  ap_ctrl_hs|       backward.1_Pipeline_VITIS_LOOP_92_6|  return value|
|ap_idle                                            |  out|    1|  ap_ctrl_hs|       backward.1_Pipeline_VITIS_LOOP_92_6|  return value|
|ap_ready                                           |  out|    1|  ap_ctrl_hs|       backward.1_Pipeline_VITIS_LOOP_92_6|  return value|
|grp_fu_598_p_din0                                  |  out|   32|  ap_ctrl_hs|       backward.1_Pipeline_VITIS_LOOP_92_6|  return value|
|grp_fu_598_p_din1                                  |  out|   32|  ap_ctrl_hs|       backward.1_Pipeline_VITIS_LOOP_92_6|  return value|
|grp_fu_598_p_opcode                                |  out|    1|  ap_ctrl_hs|       backward.1_Pipeline_VITIS_LOOP_92_6|  return value|
|grp_fu_598_p_dout0                                 |   in|   32|  ap_ctrl_hs|       backward.1_Pipeline_VITIS_LOOP_92_6|  return value|
|grp_fu_598_p_ce                                    |  out|    1|  ap_ctrl_hs|       backward.1_Pipeline_VITIS_LOOP_92_6|  return value|
|grad_y_1_address0                                  |  out|    3|   ap_memory|                                  grad_y_1|         array|
|grad_y_1_ce0                                       |  out|    1|   ap_memory|                                  grad_y_1|         array|
|grad_y_1_q0                                        |   in|   32|   ap_memory|                                  grad_y_1|         array|
|net_next_next_next_next_first_node1_grad_address0  |  out|   10|   ap_memory|  net_next_next_next_next_first_node1_grad|         array|
|net_next_next_next_next_first_node1_grad_ce0       |  out|    1|   ap_memory|  net_next_next_next_next_first_node1_grad|         array|
|net_next_next_next_next_first_node1_grad_we0       |  out|    1|   ap_memory|  net_next_next_next_next_first_node1_grad|         array|
|net_next_next_next_next_first_node1_grad_d0        |  out|   32|   ap_memory|  net_next_next_next_next_first_node1_grad|         array|
|net_next_next_next_next_first_node1_grad_q0        |   in|   32|   ap_memory|  net_next_next_next_next_first_node1_grad|         array|
+---------------------------------------------------+-----+-----+------------+------------------------------------------+--------------+

