

================================================================
== Vitis HLS Report for 'backward'
================================================================
* Date:           Mon Dec 26 02:54:47 2022

* Version:        2022.1 (Build 3526262 on Mon Apr 18 15:47:01 MDT 2022)
* Project:        hls
* Solution:       solution1 (Vivado IP Flow Target)
* Product family: zynq
* Target device:  xc7z020-clg400-2


================================================================
== Performance Estimates
================================================================
+ Timing: 
    * Summary: 
    +--------+---------+----------+------------+
    |  Clock |  Target | Estimated| Uncertainty|
    +--------+---------+----------+------------+
    |ap_clk  |  5.00 ns|  5.256 ns|     1.35 ns|
    +--------+---------+----------+------------+

+ Latency: 
    * Summary: 
    +---------+---------+-----------+-----------+-------+-------+---------+
    |  Latency (cycles) |   Latency (absolute)  |    Interval   | Pipeline|
    |   min   |   max   |    min    |    max    |  min  |  max  |   Type  |
    +---------+---------+-----------+-----------+-------+-------+---------+
    |    13440|    13440|  70.645 us|  70.645 us|  13440|  13440|       no|
    +---------+---------+-----------+-----------+-------+-------+---------+

    + Detail: 
        * Instance: 
        +------------------------------------------------+-------------------------------------+---------+---------+-----------+-----------+------+------+---------+
        |                                                |                                     |  Latency (cycles) |   Latency (absolute)  |   Interval  | Pipeline|
        |                    Instance                    |                Module               |   min   |   max   |    min    |    max    |  min |  max |   Type  |
        +------------------------------------------------+-------------------------------------+---------+---------+-----------+-----------+------+------+---------+
        |grp_backward_1_fu_106                           |backward_1                           |     4871|     4871|  24.355 us|  24.355 us|  4871|  4871|       no|
        |grp_backward_Pipeline_VITIS_LOOP_56_1_fu_127    |backward_Pipeline_VITIS_LOOP_56_1    |      124|      124|   0.620 us|   0.620 us|   124|   124|       no|
        |grp_backward_Pipeline_VITIS_LOOP_75_1_fu_149    |backward_Pipeline_VITIS_LOOP_75_1    |       67|       67|   0.335 us|   0.335 us|    67|    67|       no|
        |grp_backward_Pipeline_VITIS_LOOP_78_2_fu_155    |backward_Pipeline_VITIS_LOOP_78_2    |     2602|     2602|  13.010 us|  13.010 us|  2602|  2602|       no|
        |grp_backward_Pipeline_VITIS_LOOP_86_4_fu_163    |backward_Pipeline_VITIS_LOOP_86_4    |     4993|     4993|  26.245 us|  26.245 us|  4993|  4993|       no|
        |grp_backward_Pipeline_VITIS_LOOP_92_6_fu_172    |backward_Pipeline_VITIS_LOOP_92_6    |      643|      643|   3.215 us|   3.215 us|   643|   643|       no|
        |grp_backward_Pipeline_VITIS_LOOP_56_115_fu_179  |backward_Pipeline_VITIS_LOOP_56_115  |      124|      124|   0.620 us|   0.620 us|   124|   124|       no|
        +------------------------------------------------+-------------------------------------+---------+---------+-----------+-----------+------+------+---------+

        * Loop: 
        N/A



================================================================
== Utilization Estimates
================================================================
* Summary: 
+-----------------+---------+-----+--------+-------+-----+
|       Name      | BRAM_18K| DSP |   FF   |  LUT  | URAM|
+-----------------+---------+-----+--------+-------+-----+
|DSP              |        -|    -|       -|      -|    -|
|Expression       |        -|    -|       -|      -|    -|
|FIFO             |        6|    -|     465|    216|    -|
|Instance         |        9|   19|   22306|  13932|    0|
|Memory           |        2|    -|       0|      0|    0|
|Multiplexer      |        -|    -|       -|    662|    -|
|Register         |        -|    -|      24|      -|    -|
+-----------------+---------+-----+--------+-------+-----+
|Total            |       17|   19|   22795|  14810|    0|
+-----------------+---------+-----+--------+-------+-----+
|Available        |      280|  220|  106400|  53200|    0|
+-----------------+---------+-----+--------+-------+-----+
|Utilization (%)  |        6|    8|      21|     27|    0|
+-----------------+---------+-----+--------+-------+-----+

+ Detail: 
    * Instance: 
    +------------------------------------------------+-------------------------------------+---------+----+------+------+-----+
    |                    Instance                    |                Module               | BRAM_18K| DSP|  FF  |  LUT | URAM|
    +------------------------------------------------+-------------------------------------+---------+----+------+------+-----+
    |grp_backward_1_fu_106                           |backward_1                           |        2|   0|  6033|  4416|    0|
    |grp_backward_Pipeline_VITIS_LOOP_56_1_fu_127    |backward_Pipeline_VITIS_LOOP_56_1    |        0|   0|   351|   110|    0|
    |grp_backward_Pipeline_VITIS_LOOP_56_115_fu_179  |backward_Pipeline_VITIS_LOOP_56_115  |        0|   0|   351|   110|    0|
    |grp_backward_Pipeline_VITIS_LOOP_75_1_fu_149    |backward_Pipeline_VITIS_LOOP_75_1    |        0|   0|    58|    59|    0|
    |grp_backward_Pipeline_VITIS_LOOP_78_2_fu_155    |backward_Pipeline_VITIS_LOOP_78_2    |        0|   0|  7921|  3560|    0|
    |grp_backward_Pipeline_VITIS_LOOP_86_4_fu_163    |backward_Pipeline_VITIS_LOOP_86_4    |        0|   2|  3489|  2409|    0|
    |grp_backward_Pipeline_VITIS_LOOP_92_6_fu_172    |backward_Pipeline_VITIS_LOOP_92_6    |        0|   0|   227|   198|    0|
    |fadd_32ns_32ns_32_9_full_dsp_1_U297             |fadd_32ns_32ns_32_9_full_dsp_1       |        0|   2|   324|   433|    0|
    |fmul_32ns_32ns_32_6_max_dsp_1_U299              |fmul_32ns_32ns_32_6_max_dsp_1        |        0|   3|   165|   326|    0|
    |grp_pown_generic_float_s_fu_236                 |pown_generic_float_s                 |        7|  12|  3387|  2311|    0|
    +------------------------------------------------+-------------------------------------+---------+----+------+------+-----+
    |Total                                           |                                     |        9|  19| 22306| 13932|    0|
    +------------------------------------------------+-------------------------------------+---------+----+------+------+-----+

    * DSP: 
    N/A

    * Memory: 
    +----------+------------------------------------+---------+---+----+-----+------+-----+------+-------------+
    |  Memory  |               Module               | BRAM_18K| FF| LUT| URAM| Words| Bits| Banks| W*Bits*Banks|
    +----------+------------------------------------+---------+---+----+-----+------+-----+------+-------------+
    |grad_y_U  |backward_grad_y_RAM_1WNR_AUTO_1R1W  |        2|  0|   0|    0|    64|   32|     1|         2048|
    +----------+------------------------------------+---------+---+----+-----+------+-----+------+-------------+
    |Total     |                                    |        2|  0|   0|    0|    64|   32|     1|         2048|
    +----------+------------------------------------+---------+---+----+-----+------+-----+------+-------------+

    * FIFO: 
    +---------------+---------+-----+----+-----+------+-----+---------+
    |      Name     | BRAM_18K|  FF | LUT| URAM| Depth| Bits| Size:D*B|
    +---------------+---------+-----+----+-----+------+-----+---------+
    |mid_10_fifo_U  |        2|  155|   0|    -|    64|   32|     2048|
    |mid_9_fifo_U   |        2|  155|   0|    -|    64|   32|     2048|
    |mid_fifo_U     |        2|  155|   0|    -|    64|   32|     2048|
    +---------------+---------+-----+----+-----+------+-----+---------+
    |Total          |        6|  465|   0|    0|   192|   96|     6144|
    +---------------+---------+-----+----+-----+------+-----+---------+

    * Expression: 
    N/A

    * Multiplexer: 
    +-----------------------------------------------------------+----+-----------+-----+-----------+
    |                            Name                           | LUT| Input Size| Bits| Total Bits|
    +-----------------------------------------------------------+----+-----------+-----+-----------+
    |ap_NS_fsm                                                  |  86|         18|    1|         18|
    |grad_y_address0                                            |  21|          5|    6|         30|
    |grad_y_ce0                                                 |  21|          5|    1|          5|
    |grad_y_ce1                                                 |   9|          2|    1|          2|
    |grad_y_we0                                                 |   9|          2|    1|          2|
    |grp_fu_220_ce                                              |  29|          7|    1|          7|
    |grp_fu_220_opcode                                          |  29|          7|    2|         14|
    |grp_fu_220_p0                                              |  29|          7|   32|        224|
    |grp_fu_220_p1                                              |  29|          7|   32|        224|
    |grp_fu_224_ce                                              |  17|          4|    1|          4|
    |grp_fu_224_p0                                              |  17|          4|   32|        128|
    |grp_fu_224_p1                                              |  17|          4|   32|        128|
    |grp_fu_228_ce                                              |  25|          6|    1|          6|
    |grp_fu_228_p0                                              |  25|          6|   32|        192|
    |grp_fu_228_p1                                              |  25|          6|   32|        192|
    |grp_fu_232_ce                                              |  13|          3|    1|          3|
    |grp_fu_232_p0                                              |  13|          3|   32|         96|
    |grp_fu_232_p1                                              |  13|          3|   32|         96|
    |grp_pown_generic_float_s_fu_236_ap_ce                      |  13|          3|    1|          3|
    |grp_pown_generic_float_s_fu_236_ap_start                   |  13|          3|    1|          3|
    |grp_pown_generic_float_s_fu_236_base_r                     |  13|          3|   32|         96|
    |in_grad_y_TREADY                                           |   9|          2|    1|          2|
    |mid1_i_write                                               |   9|          2|    1|          2|
    |mid_10_read                                                |   9|          2|    1|          2|
    |mid_10_write                                               |   9|          2|    1|          2|
    |mid_9_read                                                 |   9|          2|    1|          2|
    |mid_9_write                                                |   9|          2|    1|          2|
    |mid_read                                                   |   9|          2|    1|          2|
    |mid_write                                                  |   9|          2|    1|          2|
    |net_next_first_cache_read                                  |   9|          2|    1|          2|
    |net_next_next_first_cache_read                             |   9|          2|    1|          2|
    |net_next_next_first_grad_address0                          |  13|          3|   13|         39|
    |net_next_next_first_grad_ce0                               |  13|          3|    1|          3|
    |net_next_next_first_grad_ce1                               |   9|          2|    1|          2|
    |net_next_next_first_grad_d0                                |  13|          3|   32|         96|
    |net_next_next_first_grad_we0                               |  13|          3|    1|          3|
    |net_next_next_first_grad_we1                               |   9|          2|    1|          2|
    |net_next_next_next_first_cache_read                        |   9|          2|    1|          2|
    |net_next_next_next_next_first_node1_cache_read             |   9|          2|    1|          2|
    |net_next_next_next_next_first_node2_first_cache_read       |   9|          2|    1|          2|
    |net_next_next_next_next_first_node2_next_first_cache_read  |   9|          2|    1|          2|
    +-----------------------------------------------------------+----+-----------+-----+-----------+
    |Total                                                      | 662|        152|  369|       1646|
    +-----------------------------------------------------------+----+-----------+-----+-----------+

    * Register: 
    +-------------------------------------------------------------+----+----+-----+-----------+
    |                             Name                            | FF | LUT| Bits| Const Bits|
    +-------------------------------------------------------------+----+----+-----+-----------+
    |ap_CS_fsm                                                    |  17|   0|   17|          0|
    |grp_backward_1_fu_106_ap_start_reg                           |   1|   0|    1|          0|
    |grp_backward_Pipeline_VITIS_LOOP_56_115_fu_179_ap_start_reg  |   1|   0|    1|          0|
    |grp_backward_Pipeline_VITIS_LOOP_56_1_fu_127_ap_start_reg    |   1|   0|    1|          0|
    |grp_backward_Pipeline_VITIS_LOOP_75_1_fu_149_ap_start_reg    |   1|   0|    1|          0|
    |grp_backward_Pipeline_VITIS_LOOP_78_2_fu_155_ap_start_reg    |   1|   0|    1|          0|
    |grp_backward_Pipeline_VITIS_LOOP_86_4_fu_163_ap_start_reg    |   1|   0|    1|          0|
    |grp_backward_Pipeline_VITIS_LOOP_92_6_fu_172_ap_start_reg    |   1|   0|    1|          0|
    +-------------------------------------------------------------+----+----+-----+-----------+
    |Total                                                        |  24|   0|   24|          0|
    +-------------------------------------------------------------+----+----+-----+-----------+



================================================================
== Interface
================================================================
* Summary: 
+--------------------------------------------------------------+-----+-----+---------------+------------------------------------------------------+--------------+
|                           RTL Ports                          | Dir | Bits|    Protocol   |                     Source Object                    |    C Type    |
+--------------------------------------------------------------+-----+-----+---------------+------------------------------------------------------+--------------+
|ap_clk                                                        |   in|    1|  ap_ctrl_chain|                                              backward|  return value|
|ap_rst                                                        |   in|    1|  ap_ctrl_chain|                                              backward|  return value|
|ap_start                                                      |   in|    1|  ap_ctrl_chain|                                              backward|  return value|
|ap_done                                                       |  out|    1|  ap_ctrl_chain|                                              backward|  return value|
|ap_idle                                                       |  out|    1|  ap_ctrl_chain|                                              backward|  return value|
|ap_ready                                                      |  out|    1|  ap_ctrl_chain|                                              backward|  return value|
|grp_fu_394_p_din0                                             |  out|   32|  ap_ctrl_chain|                                              backward|  return value|
|grp_fu_394_p_din1                                             |  out|   32|  ap_ctrl_chain|                                              backward|  return value|
|grp_fu_394_p_opcode                                           |  out|    2|  ap_ctrl_chain|                                              backward|  return value|
|grp_fu_394_p_dout0                                            |   in|   32|  ap_ctrl_chain|                                              backward|  return value|
|grp_fu_394_p_ce                                               |  out|    1|  ap_ctrl_chain|                                              backward|  return value|
|grp_fu_398_p_din0                                             |  out|   32|  ap_ctrl_chain|                                              backward|  return value|
|grp_fu_398_p_din1                                             |  out|   32|  ap_ctrl_chain|                                              backward|  return value|
|grp_fu_398_p_dout0                                            |   in|   32|  ap_ctrl_chain|                                              backward|  return value|
|grp_fu_398_p_ce                                               |  out|    1|  ap_ctrl_chain|                                              backward|  return value|
|in_grad_y_TDATA                                               |   in|   32|           axis|                                             in_grad_y|       pointer|
|in_grad_y_TVALID                                              |   in|    1|           axis|                                             in_grad_y|       pointer|
|in_grad_y_TREADY                                              |  out|    1|           axis|                                             in_grad_y|       pointer|
|mid1_i_din                                                    |  out|   32|        ap_fifo|                                                mid1_i|       pointer|
|mid1_i_full_n                                                 |   in|    1|        ap_fifo|                                                mid1_i|       pointer|
|mid1_i_write                                                  |  out|    1|        ap_fifo|                                                mid1_i|       pointer|
|net_next_next_next_next_first_node1_param_address0            |  out|   10|      ap_memory|             net_next_next_next_next_first_node1_param|         array|
|net_next_next_next_next_first_node1_param_ce0                 |  out|    1|      ap_memory|             net_next_next_next_next_first_node1_param|         array|
|net_next_next_next_next_first_node1_param_q0                  |   in|   32|      ap_memory|             net_next_next_next_next_first_node1_param|         array|
|net_next_next_next_next_first_node1_param_address1            |  out|   10|      ap_memory|             net_next_next_next_next_first_node1_param|         array|
|net_next_next_next_next_first_node1_param_ce1                 |  out|    1|      ap_memory|             net_next_next_next_next_first_node1_param|         array|
|net_next_next_next_next_first_node1_param_q1                  |   in|   32|      ap_memory|             net_next_next_next_next_first_node1_param|         array|
|net_next_next_next_next_first_node1_cache_dout                |   in|   32|        ap_fifo|             net_next_next_next_next_first_node1_cache|       pointer|
|net_next_next_next_next_first_node1_cache_empty_n             |   in|    1|        ap_fifo|             net_next_next_next_next_first_node1_cache|       pointer|
|net_next_next_next_next_first_node1_cache_read                |  out|    1|        ap_fifo|             net_next_next_next_next_first_node1_cache|       pointer|
|net_next_next_next_next_first_node1_grad_address0             |  out|   10|      ap_memory|              net_next_next_next_next_first_node1_grad|         array|
|net_next_next_next_next_first_node1_grad_ce0                  |  out|    1|      ap_memory|              net_next_next_next_next_first_node1_grad|         array|
|net_next_next_next_next_first_node1_grad_we0                  |  out|    1|      ap_memory|              net_next_next_next_next_first_node1_grad|         array|
|net_next_next_next_next_first_node1_grad_d0                   |  out|   32|      ap_memory|              net_next_next_next_next_first_node1_grad|         array|
|net_next_next_next_next_first_node1_grad_q0                   |   in|   32|      ap_memory|              net_next_next_next_next_first_node1_grad|         array|
|net_next_next_next_next_first_node1_grad_address1             |  out|   10|      ap_memory|              net_next_next_next_next_first_node1_grad|         array|
|net_next_next_next_next_first_node1_grad_ce1                  |  out|    1|      ap_memory|              net_next_next_next_next_first_node1_grad|         array|
|net_next_next_next_next_first_node1_grad_we1                  |  out|    1|      ap_memory|              net_next_next_next_next_first_node1_grad|         array|
|net_next_next_next_next_first_node1_grad_d1                   |  out|   32|      ap_memory|              net_next_next_next_next_first_node1_grad|         array|
|net_next_next_next_next_first_node1_grad_q1                   |   in|   32|      ap_memory|              net_next_next_next_next_first_node1_grad|         array|
|net_next_next_next_next_first_node2_next_first_cache_dout     |   in|   32|        ap_fifo|  net_next_next_next_next_first_node2_next_first_cache|       pointer|
|net_next_next_next_next_first_node2_next_first_cache_empty_n  |   in|    1|        ap_fifo|  net_next_next_next_next_first_node2_next_first_cache|       pointer|
|net_next_next_next_next_first_node2_next_first_cache_read     |  out|    1|        ap_fifo|  net_next_next_next_next_first_node2_next_first_cache|       pointer|
|net_next_next_next_next_first_node2_first_param_address0      |  out|   10|      ap_memory|       net_next_next_next_next_first_node2_first_param|         array|
|net_next_next_next_next_first_node2_first_param_ce0           |  out|    1|      ap_memory|       net_next_next_next_next_first_node2_first_param|         array|
|net_next_next_next_next_first_node2_first_param_q0            |   in|   32|      ap_memory|       net_next_next_next_next_first_node2_first_param|         array|
|net_next_next_next_next_first_node2_first_param_address1      |  out|   10|      ap_memory|       net_next_next_next_next_first_node2_first_param|         array|
|net_next_next_next_next_first_node2_first_param_ce1           |  out|    1|      ap_memory|       net_next_next_next_next_first_node2_first_param|         array|
|net_next_next_next_next_first_node2_first_param_q1            |   in|   32|      ap_memory|       net_next_next_next_next_first_node2_first_param|         array|
|net_next_next_next_next_first_node2_first_cache_dout          |   in|   32|        ap_fifo|       net_next_next_next_next_first_node2_first_cache|       pointer|
|net_next_next_next_next_first_node2_first_cache_empty_n       |   in|    1|        ap_fifo|       net_next_next_next_next_first_node2_first_cache|       pointer|
|net_next_next_next_next_first_node2_first_cache_read          |  out|    1|        ap_fifo|       net_next_next_next_next_first_node2_first_cache|       pointer|
|net_next_next_next_next_first_node2_first_grad_address0       |  out|   10|      ap_memory|        net_next_next_next_next_first_node2_first_grad|         array|
|net_next_next_next_next_first_node2_first_grad_ce0            |  out|    1|      ap_memory|        net_next_next_next_next_first_node2_first_grad|         array|
|net_next_next_next_next_first_node2_first_grad_we0            |  out|    1|      ap_memory|        net_next_next_next_next_first_node2_first_grad|         array|
|net_next_next_next_next_first_node2_first_grad_d0             |  out|   32|      ap_memory|        net_next_next_next_next_first_node2_first_grad|         array|
|net_next_next_next_next_first_node2_first_grad_q0             |   in|   32|      ap_memory|        net_next_next_next_next_first_node2_first_grad|         array|
|net_next_next_next_next_first_node2_first_grad_address1       |  out|   10|      ap_memory|        net_next_next_next_next_first_node2_first_grad|         array|
|net_next_next_next_next_first_node2_first_grad_ce1            |  out|    1|      ap_memory|        net_next_next_next_next_first_node2_first_grad|         array|
|net_next_next_next_next_first_node2_first_grad_we1            |  out|    1|      ap_memory|        net_next_next_next_next_first_node2_first_grad|         array|
|net_next_next_next_next_first_node2_first_grad_d1             |  out|   32|      ap_memory|        net_next_next_next_next_first_node2_first_grad|         array|
|net_next_next_next_next_first_node2_first_grad_q1             |   in|   32|      ap_memory|        net_next_next_next_next_first_node2_first_grad|         array|
|net_next_next_next_first_cache_dout                           |   in|   32|        ap_fifo|                        net_next_next_next_first_cache|       pointer|
|net_next_next_next_first_cache_empty_n                        |   in|    1|        ap_fifo|                        net_next_next_next_first_cache|       pointer|
|net_next_next_next_first_cache_read                           |  out|    1|        ap_fifo|                        net_next_next_next_first_cache|       pointer|
|net_next_next_first_param_address0                            |  out|   13|      ap_memory|                             net_next_next_first_param|         array|
|net_next_next_first_param_ce0                                 |  out|    1|      ap_memory|                             net_next_next_first_param|         array|
|net_next_next_first_param_q0                                  |   in|   32|      ap_memory|                             net_next_next_first_param|         array|
|net_next_next_first_param_address1                            |  out|   13|      ap_memory|                             net_next_next_first_param|         array|
|net_next_next_first_param_ce1                                 |  out|    1|      ap_memory|                             net_next_next_first_param|         array|
|net_next_next_first_param_q1                                  |   in|   32|      ap_memory|                             net_next_next_first_param|         array|
|net_next_next_first_cache_dout                                |   in|   32|        ap_fifo|                             net_next_next_first_cache|       pointer|
|net_next_next_first_cache_empty_n                             |   in|    1|        ap_fifo|                             net_next_next_first_cache|       pointer|
|net_next_next_first_cache_read                                |  out|    1|        ap_fifo|                             net_next_next_first_cache|       pointer|
|net_next_next_first_grad_address0                             |  out|   13|      ap_memory|                              net_next_next_first_grad|         array|
|net_next_next_first_grad_ce0                                  |  out|    1|      ap_memory|                              net_next_next_first_grad|         array|
|net_next_next_first_grad_we0                                  |  out|    1|      ap_memory|                              net_next_next_first_grad|         array|
|net_next_next_first_grad_d0                                   |  out|   32|      ap_memory|                              net_next_next_first_grad|         array|
|net_next_next_first_grad_q0                                   |   in|   32|      ap_memory|                              net_next_next_first_grad|         array|
|net_next_next_first_grad_address1                             |  out|   13|      ap_memory|                              net_next_next_first_grad|         array|
|net_next_next_first_grad_ce1                                  |  out|    1|      ap_memory|                              net_next_next_first_grad|         array|
|net_next_next_first_grad_we1                                  |  out|    1|      ap_memory|                              net_next_next_first_grad|         array|
|net_next_next_first_grad_d1                                   |  out|   32|      ap_memory|                              net_next_next_first_grad|         array|
|net_next_next_first_grad_q1                                   |   in|   32|      ap_memory|                              net_next_next_first_grad|         array|
|net_next_first_cache_dout                                     |   in|   32|        ap_fifo|                                  net_next_first_cache|       pointer|
|net_next_first_cache_empty_n                                  |   in|    1|        ap_fifo|                                  net_next_first_cache|       pointer|
|net_next_first_cache_read                                     |  out|    1|        ap_fifo|                                  net_next_first_cache|       pointer|
+--------------------------------------------------------------+-----+-----+---------------+------------------------------------------------------+--------------+

