

================================================================
== Vitis HLS Report for 'exp_generic_double_s'
================================================================
* Date:           Mon Dec 26 02:54:14 2022

* Version:        2022.1 (Build 3526262 on Mon Apr 18 15:47:01 MDT 2022)
* Project:        hls
* Solution:       solution1 (Vivado IP Flow Target)
* Product family: zynq
* Target device:  xc7z020-clg400-2


================================================================
== Performance Estimates
================================================================
+ Timing: 
    * Summary: 
    +--------+---------+----------+------------+
    |  Clock |  Target | Estimated| Uncertainty|
    +--------+---------+----------+------------+
    |ap_clk  |  5.00 ns|  3.607 ns|     1.35 ns|
    +--------+---------+----------+------------+

+ Latency: 
    * Summary: 
    +---------+---------+----------+----------+-----+-----+---------+
    |  Latency (cycles) |  Latency (absolute) |  Interval | Pipeline|
    |   min   |   max   |    min   |    max   | min | max |   Type  |
    +---------+---------+----------+----------+-----+-----+---------+
    |       30|       30|  0.150 us|  0.150 us|    1|    1|      yes|
    +---------+---------+----------+----------+-----+-----+---------+

    + Detail: 
        * Instance: 
        N/A

        * Loop: 
        N/A



================================================================
== Utilization Estimates
================================================================
* Summary: 
+-----------------+---------+-----+--------+-------+-----+
|       Name      | BRAM_18K| DSP |   FF   |  LUT  | URAM|
+-----------------+---------+-----+--------+-------+-----+
|DSP              |        -|    1|       -|      -|    -|
|Expression       |        -|    -|       0|   1996|    -|
|FIFO             |        -|    -|       -|      -|    -|
|Instance         |        -|   15|    1570|    518|    -|
|Memory           |        5|    -|       0|      0|    -|
|Multiplexer      |        -|    -|       -|      -|    -|
|Register         |        -|    -|    2897|    576|    -|
+-----------------+---------+-----+--------+-------+-----+
|Total            |        5|   16|    4467|   3090|    0|
+-----------------+---------+-----+--------+-------+-----+
|Available        |      280|  220|  106400|  53200|    0|
+-----------------+---------+-----+--------+-------+-----+
|Utilization (%)  |        1|    7|       4|      5|    0|
+-----------------+---------+-----+--------+-------+-----+

+ Detail: 
    * Instance: 
    +-----------------------------+-------------------------+---------+----+-----+-----+-----+
    |           Instance          |          Module         | BRAM_18K| DSP|  FF | LUT | URAM|
    +-----------------------------+-------------------------+---------+----+-----+-----+-----+
    |add_105ns_105ns_105_2_1_U17  |add_105ns_105ns_105_2_1  |        0|   0|  474|  109|    0|
    |add_106ns_106ns_106_2_1_U18  |add_106ns_106ns_106_2_1  |        0|   0|  478|  110|    0|
    |add_107ns_107ns_107_2_1_U16  |add_107ns_107ns_107_2_1  |        0|   0|  482|  111|    0|
    |mul_13s_71s_71_3_1_U12       |mul_13s_71s_71_3_1       |        0|   3|   34|   47|    0|
    |mul_43ns_36ns_79_3_1_U13     |mul_43ns_36ns_79_3_1     |        0|   4|   34|   47|    0|
    |mul_49ns_44ns_93_3_1_U14     |mul_49ns_44ns_93_3_1     |        0|   4|   34|   47|    0|
    |mul_50ns_50ns_100_3_1_U15    |mul_50ns_50ns_100_3_1    |        0|   4|   34|   47|    0|
    +-----------------------------+-------------------------+---------+----+-----+-----+-----+
    |Total                        |                         |        0|  15| 1570|  518|    0|
    +-----------------------------+-------------------------+---------+----+-----+-----+-----+

    * DSP: 
    +------------------------------------+--------------------------------+--------------+
    |              Instance              |             Module             |  Expression  |
    +------------------------------------+--------------------------------+--------------+
    |mac_muladd_16s_15ns_19s_31_4_1_U19  |mac_muladd_16s_15ns_19s_31_4_1  |  i0 + i1 * i2|
    +------------------------------------+--------------------------------+--------------+

    * Memory: 
    +-----------------------------------------------------------------+----------------------------------------------------------------------------------+---------+---+----+-----+------+-----+------+-------------+
    |                              Memory                             |                                      Module                                      | BRAM_18K| FF| LUT| URAM| Words| Bits| Banks| W*Bits*Banks|
    +-----------------------------------------------------------------+----------------------------------------------------------------------------------+---------+---+----+-----+------+-----+------+-------------+
    |table_exp_Z1_ap_ufixed_58_1_ap_q_mode_5_ap_o_mode_3_0_array_V_U  |exp_generic_double_s_table_exp_Z1_ap_ufixed_58_1_ap_q_mode_5_ap_o_mode_3_0_arbkb  |        2|  0|   0|    0|   256|   58|     1|        14848|
    |table_f_Z2_ap_ufixed_59_0_ap_q_mode_5_ap_o_mode_3_0_array_V_U    |exp_generic_double_s_table_f_Z2_ap_ufixed_59_0_ap_q_mode_5_ap_o_mode_3_0_arradEe  |        2|  0|   0|    0|   256|   42|     1|        10752|
    |table_f_Z3_ap_ufixed_59_0_ap_q_mode_5_ap_o_mode_3_0_array_V_U    |exp_generic_double_s_table_f_Z3_ap_ufixed_59_0_ap_q_mode_5_ap_o_mode_3_0_arracud  |        1|  0|   0|    0|   256|   26|     1|         6656|
    +-----------------------------------------------------------------+----------------------------------------------------------------------------------+---------+---+----+-----+------+-----+------+-------------+
    |Total                                                            |                                                                                  |        5|  0|   0|    0|   768|  126|     3|        32256|
    +-----------------------------------------------------------------+----------------------------------------------------------------------------------+---------+---+----+-----+------+-----+------+-------------+

    * FIFO: 
    N/A

    * Expression: 
    +---------------------------+----------+----+---+-----+------------+------------+
    |       Variable Name       | Operation| DSP| FF| LUT | Bitwidth P0| Bitwidth P1|
    +---------------------------+----------+----+---+-----+------------+------------+
    |add_ln813_4_fu_736_p2      |         +|   0|  0|   44|          44|          44|
    |add_ln813_fu_667_p2        |         +|   0|  0|   36|          36|          36|
    |exp_Z1P_m_1_l_V_fu_758_p2  |         +|   0|  0|   52|          52|          52|
    |exp_Z2P_m_1_V_fu_682_p2    |         +|   0|  0|   44|          44|          44|
    |m_exp_fu_301_p2            |         +|   0|  0|   12|          12|          11|
    |out_exp_V_fu_906_p2        |         +|   0|  0|   11|          11|          10|
    |r_exp_V_fu_865_p2          |         +|   0|  0|   13|          13|           2|
    |ret_V_29_fu_627_p2         |         +|   0|  0|   36|          36|          36|
    |ret_V_31_fu_796_p2         |         +|   0|  0|   58|          58|           5|
    |ret_V_fu_509_p2            |         +|   0|  0|   13|          13|           1|
    |e_frac_V_1_fu_323_p2       |         -|   0|  0|   54|           1|          54|
    |m_diff_V_fu_554_p2         |         -|   0|  0|   59|          59|          59|
    |sub_ln1512_fu_345_p2       |         -|   0|  0|   11|          10|          11|
    |and_ln1035_1_fu_939_p2     |       and|   0|  0|    1|           1|           1|
    |and_ln1035_2_fu_973_p2     |       and|   0|  0|    1|           1|           1|
    |and_ln1035_3_fu_979_p2     |       and|   0|  0|    1|           1|           1|
    |and_ln1035_fu_922_p2       |       and|   0|  0|    1|           1|           1|
    |and_ln211_fu_1000_p2       |       and|   0|  0|    1|           1|           1|
    |and_ln338_1_fu_951_p2      |       and|   0|  0|    1|           1|           1|
    |and_ln338_fu_912_p2        |       and|   0|  0|    1|           1|           1|
    |x_is_NaN_fu_990_p2         |       and|   0|  0|    1|           1|           1|
    |x_is_pinf_fu_1005_p2       |       and|   0|  0|    1|           1|           1|
    |r_V_22_fu_446_p2           |      ashr|   0|  0|  182|          64|          64|
    |r_V_fu_387_p2              |      ashr|   0|  0|  210|          71|          71|
    |icmp_ln1003_fu_504_p2      |      icmp|   0|  0|    7|          18|           1|
    |icmp_ln1019_6_fu_291_p2    |      icmp|   0|  0|   18|          52|           1|
    |icmp_ln1019_fu_285_p2      |      icmp|   0|  0|    5|          11|           2|
    |icmp_ln1035_fu_885_p2      |      icmp|   0|  0|    2|           3|           1|
    |icmp_ln1039_fu_896_p2      |      icmp|   0|  0|    5|          13|          11|
    |icmp_ln1654_fu_469_p2      |      icmp|   0|  0|   25|          71|          71|
    |icmp_ln338_fu_363_p2       |      icmp|   0|  0|    5|          12|           1|
    |or_ln1035_1_fu_956_p2      |        or|   0|  0|    1|           1|           1|
    |or_ln1035_2_fu_967_p2      |        or|   0|  0|    1|           1|           1|
    |or_ln1035_fu_928_p2        |        or|   0|  0|    1|           1|           1|
    |or_ln214_fu_1010_p2        |        or|   0|  0|    1|           1|           1|
    |or_ln338_fu_891_p2         |        or|   0|  0|    1|           1|           1|
    |ap_return                  |    select|   0|  0|   64|           1|           1|
    |p_Result_24_fu_1065_p3     |    select|   0|  0|   52|           1|          52|
    |r_V_34_fu_399_p3           |    select|   0|  0|   71|           1|          71|
    |r_exp_V_4_fu_870_p3        |    select|   0|  0|   13|           1|          13|
    |ret_V_28_fu_521_p3         |    select|   0|  0|   13|           1|          13|
    |select_ln1002_fu_514_p3    |    select|   0|  0|   13|           1|          13|
    |select_ln1019_fu_1092_p3   |    select|   0|  0|   64|           1|          64|
    |select_ln1035_fu_1085_p3   |    select|   0|  0|   64|           1|          64|
    |select_ln1523_fu_454_p3    |    select|   0|  0|   64|           1|          64|
    |select_ln214_1_fu_1024_p3  |    select|   0|  0|   64|           1|          64|
    |select_ln214_fu_1016_p3    |    select|   0|  0|   63|           1|          63|
    |select_ln253_fu_329_p3     |    select|   0|  0|   54|           1|          54|
    |select_ln339_fu_1039_p3    |    select|   0|  0|   63|           1|           1|
    |ush_fu_355_p3              |    select|   0|  0|   12|           1|          12|
    |r_V_18_fu_393_p2           |       shl|   0|  0|  210|          71|          71|
    |r_V_20_fu_441_p2           |       shl|   0|  0|  182|          64|          64|
    |ap_enable_pp0              |       xor|   0|  0|    2|           1|           2|
    |xor_ln1019_fu_934_p2       |       xor|   0|  0|    2|           1|           2|
    |xor_ln1023_fu_985_p2       |       xor|   0|  0|    2|           1|           2|
    |xor_ln1035_fu_961_p2       |       xor|   0|  0|    2|           1|           2|
    |xor_ln338_1_fu_945_p2      |       xor|   0|  0|    2|           1|           2|
    |xor_ln338_fu_917_p2        |       xor|   0|  0|    2|           1|           2|
    |xor_ln970_fu_995_p2        |       xor|   0|  0|    2|           1|           2|
    +---------------------------+----------+----+---+-----+------------+------------+
    |Total                      |          |   0|  0| 1996|         874|        1300|
    +---------------------------+----------+----+---+-----+------------+------------+

    * Multiplexer: 
    N/A

    * Register: 
    +--------------------------------------+-----+----+-----+-----------+
    |                 Name                 |  FF | LUT| Bits| Const Bits|
    +--------------------------------------+-----+----+-----+-----------+
    |Z2_V_reg_1245                         |    8|   0|    8|          0|
    |Z3_V_reg_1252                         |    8|   0|    8|          0|
    |Z4_ind_reg_1263                       |    8|   0|    8|          0|
    |Z4_reg_1258                           |   35|   0|   35|          0|
    |add_ln1347_3_reg_1438                 |  105|   0|  105|          0|
    |add_ln1347_3_reg_1438_pp0_iter29_reg  |  105|   0|  105|          0|
    |add_ln1347_4_reg_1443                 |  106|   0|  106|          0|
    |add_ln1347_4_reg_1443_pp0_iter29_reg  |  106|   0|  106|          0|
    |add_ln813_4_reg_1356                  |   44|   0|   44|          0|
    |add_ln813_reg_1314                    |   36|   0|   36|          0|
    |and_ln1035_1_reg_1464                 |    1|   0|    1|          0|
    |and_ln1035_3_reg_1469                 |    1|   0|    1|          0|
    |ap_CS_fsm                             |    1|   0|    1|          0|
    |ap_enable_reg_pp0_iter1               |    1|   0|    1|          0|
    |ap_enable_reg_pp0_iter10              |    1|   0|    1|          0|
    |ap_enable_reg_pp0_iter11              |    1|   0|    1|          0|
    |ap_enable_reg_pp0_iter12              |    1|   0|    1|          0|
    |ap_enable_reg_pp0_iter13              |    1|   0|    1|          0|
    |ap_enable_reg_pp0_iter14              |    1|   0|    1|          0|
    |ap_enable_reg_pp0_iter15              |    1|   0|    1|          0|
    |ap_enable_reg_pp0_iter16              |    1|   0|    1|          0|
    |ap_enable_reg_pp0_iter17              |    1|   0|    1|          0|
    |ap_enable_reg_pp0_iter18              |    1|   0|    1|          0|
    |ap_enable_reg_pp0_iter19              |    1|   0|    1|          0|
    |ap_enable_reg_pp0_iter2               |    1|   0|    1|          0|
    |ap_enable_reg_pp0_iter20              |    1|   0|    1|          0|
    |ap_enable_reg_pp0_iter21              |    1|   0|    1|          0|
    |ap_enable_reg_pp0_iter22              |    1|   0|    1|          0|
    |ap_enable_reg_pp0_iter23              |    1|   0|    1|          0|
    |ap_enable_reg_pp0_iter24              |    1|   0|    1|          0|
    |ap_enable_reg_pp0_iter25              |    1|   0|    1|          0|
    |ap_enable_reg_pp0_iter26              |    1|   0|    1|          0|
    |ap_enable_reg_pp0_iter27              |    1|   0|    1|          0|
    |ap_enable_reg_pp0_iter28              |    1|   0|    1|          0|
    |ap_enable_reg_pp0_iter29              |    1|   0|    1|          0|
    |ap_enable_reg_pp0_iter3               |    1|   0|    1|          0|
    |ap_enable_reg_pp0_iter30              |    1|   0|    1|          0|
    |ap_enable_reg_pp0_iter4               |    1|   0|    1|          0|
    |ap_enable_reg_pp0_iter5               |    1|   0|    1|          0|
    |ap_enable_reg_pp0_iter6               |    1|   0|    1|          0|
    |ap_enable_reg_pp0_iter7               |    1|   0|    1|          0|
    |ap_enable_reg_pp0_iter8               |    1|   0|    1|          0|
    |ap_enable_reg_pp0_iter9               |    1|   0|    1|          0|
    |exp_Z1P_m_1_V_reg_1366                |   50|   0|   50|          0|
    |exp_Z1_V_reg_1361                     |   58|   0|   58|          0|
    |exp_Z1_hi_V_reg_1371                  |   50|   0|   50|          0|
    |exp_Z2P_m_1_V_reg_1324                |   44|   0|   44|          0|
    |f_Z3_reg_1289                         |   26|   0|   26|          0|
    |icmp_ln1019_6_reg_1129                |    1|   0|    1|          0|
    |icmp_ln1019_reg_1121                  |    1|   0|    1|          0|
    |icmp_ln1654_reg_1196                  |    1|   0|    1|          0|
    |icmp_ln338_reg_1152                   |    1|   0|    1|          0|
    |isNeg_reg_1141                        |    1|   0|    1|          0|
    |isNeg_reg_1141_pp0_iter1_reg          |    1|   0|    1|          0|
    |m_diff_hi_V_reg_1240                  |    8|   0|    8|          0|
    |m_fix_hi_V_reg_1176                   |   16|   0|   16|          0|
    |m_fix_l_reg_1170                      |   64|   0|   64|          0|
    |out_exp_V_reg_1459                    |   11|   0|   11|          0|
    |p_Result_20_reg_1116                  |    1|   0|    1|          0|
    |p_Result_23_reg_1181                  |    1|   0|    1|          0|
    |r_V_36_reg_1391                       |  100|   0|  100|          0|
    |r_exp_V_reg_1454                      |   13|   0|   13|          0|
    |r_reg_1273                            |   10|   0|   10|          0|
    |ret_V_27_reg_1206                     |   31|   0|   31|          0|
    |ret_V_28_reg_1223                     |   13|   0|   13|          0|
    |ret_V_29_reg_1283                     |   36|   0|   36|          0|
    |ret_V_30_reg_1294                     |   34|   0|   43|          9|
    |ret_V_31_reg_1386                     |   58|   0|   58|          0|
    |ret_V_cast_reg_1211                   |   13|   0|   13|          0|
    |select_ln253_reg_1135                 |   54|   0|   54|          0|
    |sext_ln1488_reg_1165                  |   32|   0|   32|          0|
    |sext_ln256_reg_1160                   |   64|   0|   71|          7|
    |tmp_1_reg_1330                        |   40|   0|   40|          0|
    |tmp_reg_1448                          |    1|   0|    1|          0|
    |tmp_reg_1448_pp0_iter29_reg           |    1|   0|    1|          0|
    |tmp_s_reg_1235                        |   58|   0|   58|          0|
    |trunc_ln1003_reg_1218                 |   18|   0|   18|          0|
    |trunc_ln1347_3_reg_1403               |   56|   0|   56|          0|
    |trunc_ln1347_reg_1398                 |   57|   0|   57|          0|
    |trunc_ln813_9_reg_1309                |   20|   0|   20|          0|
    |trunc_ln813_reg_1186                  |   59|   0|   59|          0|
    |trunc_ln813_s_reg_1346                |   36|   0|   36|          0|
    |ush_reg_1147                          |   12|   0|   12|          0|
    |Z2_V_reg_1245                         |   64|  32|    8|          0|
    |Z3_V_reg_1252                         |   64|  32|    8|          0|
    |Z4_reg_1258                           |   64|  32|   35|          0|
    |exp_Z1_V_reg_1361                     |   64|  32|   58|          0|
    |exp_Z2P_m_1_V_reg_1324                |   64|  32|   44|          0|
    |icmp_ln1019_6_reg_1129                |   64|  32|    1|          0|
    |icmp_ln1019_reg_1121                  |   64|  32|    1|          0|
    |icmp_ln1654_reg_1196                  |   64|  32|    1|          0|
    |icmp_ln338_reg_1152                   |   64|  32|    1|          0|
    |m_diff_hi_V_reg_1240                  |   64|  32|    8|          0|
    |p_Result_20_reg_1116                  |   64|  32|    1|          0|
    |p_Result_23_reg_1181                  |   64|  32|    1|          0|
    |ret_V_28_reg_1223                     |   64|  32|   13|          0|
    |ret_V_29_reg_1283                     |   64|  32|   36|          0|
    |ret_V_30_reg_1294                     |   64|  32|   43|          9|
    |select_ln253_reg_1135                 |   64|  32|   54|          0|
    |tmp_1_reg_1330                        |   64|  32|   40|          0|
    |trunc_ln813_reg_1186                  |   64|  32|   59|          0|
    +--------------------------------------+-----+----+-----+-----------+
    |Total                                 | 2897| 576| 2173|         25|
    +--------------------------------------+-----+----+-----+-----------+



================================================================
== Interface
================================================================
* Summary: 
+-----------+-----+-----+------------+---------------------+--------------+
| RTL Ports | Dir | Bits|  Protocol  |    Source Object    |    C Type    |
+-----------+-----+-----+------------+---------------------+--------------+
|ap_clk     |   in|    1|  ap_ctrl_hs|  exp_generic<double>|  return value|
|ap_rst     |   in|    1|  ap_ctrl_hs|  exp_generic<double>|  return value|
|ap_start   |   in|    1|  ap_ctrl_hs|  exp_generic<double>|  return value|
|ap_done    |  out|    1|  ap_ctrl_hs|  exp_generic<double>|  return value|
|ap_idle    |  out|    1|  ap_ctrl_hs|  exp_generic<double>|  return value|
|ap_ready   |  out|    1|  ap_ctrl_hs|  exp_generic<double>|  return value|
|ap_ce      |   in|    1|  ap_ctrl_hs|  exp_generic<double>|  return value|
|ap_return  |  out|   64|  ap_ctrl_hs|  exp_generic<double>|  return value|
|x          |   in|   64|     ap_none|                    x|        scalar|
+-----------+-----+-----+------------+---------------------+--------------+

