

================================================================
== Vitis HLS Report for 'forward_1_Pipeline_VITIS_LOOP_45_1'
================================================================
* Date:           Mon Dec 26 02:54:23 2022

* Version:        2022.1 (Build 3526262 on Mon Apr 18 15:47:01 MDT 2022)
* Project:        hls
* Solution:       solution1 (Vivado IP Flow Target)
* Product family: zynq
* Target device:  xc7z020-clg400-2


================================================================
== Performance Estimates
================================================================
+ Timing: 
    * Summary: 
    +--------+---------+----------+------------+
    |  Clock |  Target | Estimated| Uncertainty|
    +--------+---------+----------+------------+
    |ap_clk  |  5.00 ns|  2.771 ns|     1.35 ns|
    +--------+---------+----------+------------+

+ Latency: 
    * Summary: 
    +---------+---------+----------+----------+-----+-----+---------+
    |  Latency (cycles) |  Latency (absolute) |  Interval | Pipeline|
    |   min   |   max   |    min   |    max   | min | max |   Type  |
    +---------+---------+----------+----------+-----+-----+---------+
    |       67|       67|  0.335 us|  0.335 us|   67|   67|       no|
    +---------+---------+----------+----------+-----+-----+---------+

    + Detail: 
        * Instance: 
        N/A

        * Loop: 
        +-------------------+---------+---------+----------+-----------+-----------+------+----------+
        |                   |  Latency (cycles) | Iteration|  Initiation Interval  | Trip |          |
        |     Loop Name     |   min   |   max   |  Latency |  achieved |   target  | Count| Pipelined|
        +-------------------+---------+---------+----------+-----------+-----------+------+----------+
        |- VITIS_LOOP_45_1  |       65|       65|         3|          1|          1|    64|       yes|
        +-------------------+---------+---------+----------+-----------+-----------+------+----------+



================================================================
== Utilization Estimates
================================================================
* Summary: 
+-----------------+---------+-----+--------+-------+-----+
|       Name      | BRAM_18K| DSP |   FF   |  LUT  | URAM|
+-----------------+---------+-----+--------+-------+-----+
|DSP              |        -|    -|       -|      -|    -|
|Expression       |        -|    -|       0|     14|    -|
|FIFO             |        -|    -|       -|      -|    -|
|Instance         |        -|    -|       -|      -|    -|
|Memory           |        -|    -|       -|      -|    -|
|Multiplexer      |        -|    -|       -|     45|    -|
|Register         |        -|    -|      58|      -|    -|
+-----------------+---------+-----+--------+-------+-----+
|Total            |        0|    0|      58|     59|    0|
+-----------------+---------+-----+--------+-------+-----+
|Available        |      280|  220|  106400|  53200|    0|
+-----------------+---------+-----+--------+-------+-----+
|Utilization (%)  |        0|    0|      ~0|     ~0|    0|
+-----------------+---------+-----+--------+-------+-----+

+ Detail: 
    * Instance: 
    N/A

    * DSP: 
    N/A

    * Memory: 
    N/A

    * FIFO: 
    N/A

    * Expression: 
    +---------------------------+----------+----+---+----+------------+------------+
    |       Variable Name       | Operation| DSP| FF| LUT| Bitwidth P0| Bitwidth P1|
    +---------------------------+----------+----+---+----+------------+------------+
    |add_ln45_fu_75_p2          |         +|   0|  0|   7|           7|           1|
    |ap_block_pp0_stage0_11001  |       and|   0|  0|   1|           1|           1|
    |icmp_ln45_fu_69_p2         |      icmp|   0|  0|   4|           7|           8|
    |ap_enable_pp0              |       xor|   0|  0|   2|           1|           2|
    +---------------------------+----------+----+---+----+------------+------------+
    |Total                      |          |   0|  0|  14|          16|          12|
    +---------------------------+----------+----+---+----+------------+------------+

    * Multiplexer: 
    +-------------------------+----+-----------+-----+-----------+
    |           Name          | LUT| Input Size| Bits| Total Bits|
    +-------------------------+----+-----------+-----+-----------+
    |ap_done_int              |   9|          2|    1|          2|
    |ap_enable_reg_pp0_iter1  |   9|          2|    1|          2|
    |ap_sig_allocacmp_j_5     |   9|          2|    7|         14|
    |in_x1_blk_n              |   9|          2|    1|          2|
    |j_fu_38                  |   9|          2|    7|         14|
    +-------------------------+----+-----------+-----+-----------+
    |Total                    |  45|         10|   17|         34|
    +-------------------------+----+-----------+-----+-----------+

    * Register: 
    +----------------------------------+----+----+-----+-----------+
    |               Name               | FF | LUT| Bits| Const Bits|
    +----------------------------------+----+----+-----+-----------+
    |ap_CS_fsm                         |   1|   0|    1|          0|
    |ap_done_reg                       |   1|   0|    1|          0|
    |ap_enable_reg_pp0_iter1           |   1|   0|    1|          0|
    |ap_enable_reg_pp0_iter2           |   1|   0|    1|          0|
    |ap_loop_exit_ready_pp0_iter1_reg  |   1|   0|    1|          0|
    |in_x1_read_reg_110                |  32|   0|   32|          0|
    |j_5_reg_101                       |   7|   0|    7|          0|
    |j_5_reg_101_pp0_iter1_reg         |   7|   0|    7|          0|
    |j_fu_38                           |   7|   0|    7|          0|
    +----------------------------------+----+----+-----+-----------+
    |Total                             |  58|   0|   58|          0|
    +----------------------------------+----+----+-----+-----------+



================================================================
== Interface
================================================================
* Summary: 
+---------------+-----+-----+------------+------------------------------------+--------------+
|   RTL Ports   | Dir | Bits|  Protocol  |            Source Object           |    C Type    |
+---------------+-----+-----+------------+------------------------------------+--------------+
|ap_clk         |   in|    1|  ap_ctrl_hs|  forward.1_Pipeline_VITIS_LOOP_45_1|  return value|
|ap_rst         |   in|    1|  ap_ctrl_hs|  forward.1_Pipeline_VITIS_LOOP_45_1|  return value|
|ap_start       |   in|    1|  ap_ctrl_hs|  forward.1_Pipeline_VITIS_LOOP_45_1|  return value|
|ap_done        |  out|    1|  ap_ctrl_hs|  forward.1_Pipeline_VITIS_LOOP_45_1|  return value|
|ap_idle        |  out|    1|  ap_ctrl_hs|  forward.1_Pipeline_VITIS_LOOP_45_1|  return value|
|ap_ready       |  out|    1|  ap_ctrl_hs|  forward.1_Pipeline_VITIS_LOOP_45_1|  return value|
|in_x1_dout     |   in|   32|     ap_fifo|                               in_x1|       pointer|
|in_x1_empty_n  |   in|    1|     ap_fifo|                               in_x1|       pointer|
|in_x1_read     |  out|    1|     ap_fifo|                               in_x1|       pointer|
|x_4_address0   |  out|    6|   ap_memory|                                 x_4|         array|
|x_4_ce0        |  out|    1|   ap_memory|                                 x_4|         array|
|x_4_we0        |  out|    1|   ap_memory|                                 x_4|         array|
|x_4_d0         |  out|   32|   ap_memory|                                 x_4|         array|
+---------------+-----+-----+------------+------------------------------------+--------------+

