

================================================================
== Vitis HLS Report for 'pown_generic_float_s'
================================================================
* Date:           Mon Dec 26 02:54:39 2022

* Version:        2022.1 (Build 3526262 on Mon Apr 18 15:47:01 MDT 2022)
* Project:        hls
* Solution:       solution1 (Vivado IP Flow Target)
* Product family: zynq
* Target device:  xc7z020-clg400-2


================================================================
== Performance Estimates
================================================================
+ Timing: 
    * Summary: 
    +--------+---------+----------+------------+
    |  Clock |  Target | Estimated| Uncertainty|
    +--------+---------+----------+------------+
    |ap_clk  |  5.00 ns|  4.386 ns|     1.35 ns|
    +--------+---------+----------+------------+

+ Latency: 
    * Summary: 
    +---------+---------+----------+----------+-----+-----+---------+
    |  Latency (cycles) |  Latency (absolute) |  Interval | Pipeline|
    |   min   |   max   |    min   |    max   | min | max |   Type  |
    +---------+---------+----------+----------+-----+-----+---------+
    |       41|       41|  0.205 us|  0.205 us|    1|    1|      yes|
    +---------+---------+----------+----------+-----+-----+---------+

    + Detail: 
        * Instance: 
        N/A

        * Loop: 
        N/A



================================================================
== Utilization Estimates
================================================================
* Summary: 
+-----------------+---------+-----+--------+-------+-----+
|       Name      | BRAM_18K| DSP |   FF   |  LUT  | URAM|
+-----------------+---------+-----+--------+-------+-----+
|DSP              |        -|    3|       -|      -|    -|
|Expression       |        -|    -|       0|   1275|    -|
|FIFO             |        -|    -|       -|      -|    -|
|Instance         |        -|    9|     339|    309|    -|
|Memory           |        7|    -|      66|     23|    -|
|Multiplexer      |        -|    -|       -|      -|    -|
|Register         |        -|    -|    2982|    704|    -|
+-----------------+---------+-----+--------+-------+-----+
|Total            |        7|   12|    3387|   2311|    0|
+-----------------+---------+-----+--------+-------+-----+
|Available        |      280|  220|  106400|  53200|    0|
+-----------------+---------+-----+--------+-------+-----+
|Utilization (%)  |        2|    5|       3|      4|    0|
+-----------------+---------+-----+--------+-------+-----+

+ Detail: 
    * Instance: 
    +---------------------------+----------------------+---------+----+-----+----+-----+
    |          Instance         |        Module        | BRAM_18K| DSP|  FF | LUT| URAM|
    +---------------------------+----------------------+---------+----+-----+----+-----+
    |mul_10s_36s_36_3_1_U246    |mul_10s_36s_36_3_1    |        0|   2|   34|  47|    0|
    |mul_23ns_23ns_46_5_1_U244  |mul_23ns_23ns_46_5_1  |        0|   1|  169|  74|    0|
    |mul_39ns_4ns_43_3_1_U241   |mul_39ns_4ns_43_3_1   |        0|   0|   34|  47|    0|
    |mul_41ns_6ns_47_3_1_U242   |mul_41ns_6ns_47_3_1   |        0|   2|   34|  47|    0|
    |mul_44ns_6ns_50_3_1_U243   |mul_44ns_6ns_50_3_1   |        0|   2|   34|  47|    0|
    |mul_9s_45ns_52_3_1_U245    |mul_9s_45ns_52_3_1    |        0|   2|   34|  47|    0|
    +---------------------------+----------------------+---------+----+-----+----+-----+
    |Total                      |                      |        0|   9|  339| 309|    0|
    +---------------------------+----------------------+---------+----+-----+----+-----+

    * DSP: 
    +-------------------------------------+--------------------------------+--------------+
    |               Instance              |             Module             |  Expression  |
    +-------------------------------------+--------------------------------+--------------+
    |mac_muladd_13s_12ns_16s_25_4_1_U248  |mac_muladd_13s_12ns_16s_25_4_1  |  i0 + i1 * i2|
    |mul_mul_18ns_18ns_36_4_1_U249        |mul_mul_18ns_18ns_36_4_1        |       i0 * i1|
    |mul_mul_25s_6ns_25_4_1_U247          |mul_mul_25s_6ns_25_4_1          |       i0 * i1|
    +-------------------------------------+--------------------------------+--------------+

    * Memory: 
    +---------------------------------------------------------------------------+----------------------------------------------------------------------------------+---------+----+----+-----+------+-----+------+-------------+
    |                                   Memory                                  |                                      Module                                      | BRAM_18K| FF | LUT| URAM| Words| Bits| Banks| W*Bits*Banks|
    +---------------------------------------------------------------------------+----------------------------------------------------------------------------------+---------+----+----+-----+------+-----+------+-------------+
    |pow_reduce_anonymous_namespace_log0_lut_table_array_V_U                    |pown_generic_float_s_pow_reduce_anonymous_namespace_log0_lut_table_array_V_ROfYi  |        2|   0|   0|    0|    64|   56|     1|         3584|
    |pow_reduce_anonymous_namespace_log_inverse_lut_table_pow_0_5_64_array_V_U  |pown_generic_float_s_pow_reduce_anonymous_namespace_log_inverse_lut_table_poweOg  |        0|   6|   6|    0|    64|    6|     1|          384|
    |pow_reduce_anonymous_namespace_log_lut_table_ap_fixed_12_6_64_array_V_U    |pown_generic_float_s_pow_reduce_anonymous_namespace_log_lut_table_ap_fixed_12ibs  |        2|   0|   0|    0|    64|   44|     1|         2816|
    |pow_reduce_anonymous_namespace_log_lut_table_ap_fixed_4_4_16_array_V_U     |pown_generic_float_s_pow_reduce_anonymous_namespace_log_lut_table_ap_fixed_4_g8j  |        0|  52|  13|    0|    16|   52|     1|          832|
    |pow_reduce_anonymous_namespace_log_lut_table_ap_fixed_7_6_64_array_V_U     |pown_generic_float_s_pow_reduce_anonymous_namespace_log_lut_table_ap_fixed_7_hbi  |        2|   0|   0|    0|    64|   49|     1|         3136|
    |pow_reduce_anonymous_namespace_table_exp_Z1_ap_ufixed_array_V_U            |pown_generic_float_s_pow_reduce_anonymous_namespace_table_exp_Z1_ap_ufixed_arjbC  |        1|   0|   0|    0|   512|   27|     1|        13824|
    |pow_reduce_anonymous_namespace_table_f_Z2_ap_ufixed_array_V_U              |pown_generic_float_s_pow_reduce_anonymous_namespace_table_f_Z2_ap_ufixed_arrakbM  |        0|   8|   4|    0|    32|    8|     1|          256|
    +---------------------------------------------------------------------------+----------------------------------------------------------------------------------+---------+----+----+-----+------+-----+------+-------------+
    |Total                                                                      |                                                                                  |        7|  66|  23|    0|   816|  242|     7|        24832|
    +---------------------------------------------------------------------------+----------------------------------------------------------------------------------+---------+----+----+-----+------+-----+------+-------------+

    * FIFO: 
    N/A

    * Expression: 
    +---------------------------+----------+----+---+----+------------+------------+
    |       Variable Name       | Operation| DSP| FF| LUT| Bitwidth P0| Bitwidth P1|
    +---------------------------+----------+----+---+----+------------+------------+
    |add_ln1347_1_fu_1118_p2    |         +|   0|  0|  42|          42|          42|
    |add_ln1347_2_fu_1124_p2    |         +|   0|  0|  43|          43|          43|
    |add_ln813_1_fu_670_p2      |         +|   0|  0|  50|          50|          50|
    |add_ln813_fu_724_p2        |         +|   0|  0|  56|          56|          56|
    |b_exp_fu_787_p2            |         +|   0|  0|   9|           9|           9|
    |log_sum_V_1_fu_732_p2      |         +|   0|  0|  56|          56|          56|
    |out_exp_V_fu_1176_p2       |         +|   0|  0|   8|           8|           7|
    |r_exp_V_fu_1084_p2         |         +|   0|  0|  10|          10|           2|
    |ret_V_10_fu_933_p2         |         +|   0|  0|  10|          10|           1|
    |ret_V_12_fu_1015_p2        |         +|   0|  0|  19|          19|          19|
    |ret_V_14_fu_1070_p2        |         +|   0|  0|  44|          44|          44|
    |ret_V_15_fu_505_p2         |         +|   0|  0|  44|          44|          44|
    |ret_V_16_fu_587_p2         |         +|   0|  0|  50|          50|          50|
    |ret_V_17_fu_701_p2         |         +|   0|  0|  63|          63|          63|
    |ret_V_20_fu_1047_p2        |         +|   0|  0|  27|          27|           3|
    |ret_V_7_fu_852_p2          |         +|   0|  0|  64|          64|          64|
    |ret_V_8_fu_861_p2          |         +|   0|  0|  64|          64|          64|
    |m_diff_V_fu_971_p2         |         -|   0|  0|  27|          27|          27|
    |ret_V_3_fu_604_p2          |         -|   0|  0|  50|          50|          50|
    |ret_V_5_fu_718_p2          |         -|   0|  0|  63|          63|          63|
    |ret_V_6_fu_826_p2          |         -|   0|  0|  64|          64|          64|
    |ret_V_fu_513_p2            |         -|   0|  0|  44|          44|          44|
    |and_ln1035_fu_1245_p2      |       and|   0|  0|   1|           1|           1|
    |and_ln1039_1_fu_1305_p2    |       and|   0|  0|   1|           1|           1|
    |and_ln1039_fu_1300_p2      |       and|   0|  0|   1|           1|           1|
    |and_ln18_fu_1264_p2        |       and|   0|  0|   1|           1|           1|
    |and_ln853_1_fu_1283_p2     |       and|   0|  0|   1|           1|           1|
    |and_ln853_fu_1239_p2       |       and|   0|  0|   1|           1|           1|
    |x_is_inf_fu_1089_p2        |       and|   0|  0|   1|           1|           1|
    |icmp_ln1003_fu_928_p2      |      icmp|   0|  0|   6|          15|           1|
    |icmp_ln1019_1_fu_361_p2    |      icmp|   0|  0|   8|          23|           1|
    |icmp_ln1019_fu_770_p2      |      icmp|   0|  0|   4|           8|           2|
    |icmp_ln1035_fu_1145_p2     |      icmp|   0|  0|   2|           3|           1|
    |icmp_ln1039_fu_1166_p2     |      icmp|   0|  0|   5|          10|           8|
    |x_is_0_fu_775_p2           |      icmp|   0|  0|   4|           8|           1|
    |or_ln18_fu_1228_p2         |        or|   0|  0|   1|           1|           1|
    |or_ln853_fu_1093_p2        |        or|   0|  0|   1|           1|           1|
    |ap_return                  |    select|   0|  0|  32|           1|           1|
    |grp_fu_1318_p0             |    select|   0|  0|  25|           1|          25|
    |p_Result_13_fu_1202_p3     |    select|   0|  0|  23|           1|          23|
    |r_exp_V_2_fu_1130_p3       |    select|   0|  0|  10|           1|          10|
    |ret_V_19_fu_945_p3         |    select|   0|  0|  10|           1|          10|
    |select_ln1002_fu_938_p3    |    select|   0|  0|  10|           1|          10|
    |select_ln1035_fu_1251_p3   |    select|   0|  0|  32|           1|          32|
    |select_ln1036_fu_1158_p3   |    select|   0|  0|  31|           1|           1|
    |select_ln1488_fu_487_p3    |    select|   0|  0|  44|           1|          44|
    |select_ln18_fu_1276_p3     |    select|   0|  0|  32|           1|          31|
    |select_ln853_1_fu_1287_p3  |    select|   0|  0|  32|           1|          32|
    |select_ln853_fu_1269_p3    |    select|   0|  0|  31|           1|          31|
    |select_ln906_1_fu_780_p3   |    select|   0|  0|   8|           1|           8|
    |ap_enable_pp0              |       xor|   0|  0|   2|           1|           2|
    |xor_ln1023_fu_1259_p2      |       xor|   0|  0|   2|           1|           2|
    |xor_ln1035_fu_1295_p2      |       xor|   0|  0|   2|           1|           2|
    |xor_ln18_fu_1223_p2        |       xor|   0|  0|   2|           1|           2|
    |xor_ln853_fu_1233_p2       |       xor|   0|  0|   2|           1|           2|
    +---------------------------+----------+----+---+----+------------+------------+
    |Total                      |          |   0|  0|1275|        1001|        1156|
    +---------------------------+----------+----+---+----+------------+------------+

    * Multiplexer: 
    N/A

    * Register: 
    +----------------------------------------+----+----+-----+-----------+
    |                  Name                  | FF | LUT| Bits| Const Bits|
    +----------------------------------------+----+----+-----+-----------+
    |Elog2_V_reg_1584                        |  52|   0|   52|          0|
    |a_V_1_reg_1443                          |   6|   0|    6|          0|
    |a_V_2_reg_1474                          |   6|   0|    6|          0|
    |a_V_reg_1401                            |   4|   0|    4|          0|
    |add_ln813_1_reg_1531                    |  50|   0|   50|          0|
    |and_ln853_reg_1761                      |   1|   0|    1|          0|
    |ap_CS_fsm                               |   1|   0|    1|          0|
    |ap_enable_reg_pp0_iter1                 |   1|   0|    1|          0|
    |ap_enable_reg_pp0_iter10                |   1|   0|    1|          0|
    |ap_enable_reg_pp0_iter11                |   1|   0|    1|          0|
    |ap_enable_reg_pp0_iter12                |   1|   0|    1|          0|
    |ap_enable_reg_pp0_iter13                |   1|   0|    1|          0|
    |ap_enable_reg_pp0_iter14                |   1|   0|    1|          0|
    |ap_enable_reg_pp0_iter15                |   1|   0|    1|          0|
    |ap_enable_reg_pp0_iter16                |   1|   0|    1|          0|
    |ap_enable_reg_pp0_iter17                |   1|   0|    1|          0|
    |ap_enable_reg_pp0_iter18                |   1|   0|    1|          0|
    |ap_enable_reg_pp0_iter19                |   1|   0|    1|          0|
    |ap_enable_reg_pp0_iter2                 |   1|   0|    1|          0|
    |ap_enable_reg_pp0_iter20                |   1|   0|    1|          0|
    |ap_enable_reg_pp0_iter21                |   1|   0|    1|          0|
    |ap_enable_reg_pp0_iter22                |   1|   0|    1|          0|
    |ap_enable_reg_pp0_iter23                |   1|   0|    1|          0|
    |ap_enable_reg_pp0_iter24                |   1|   0|    1|          0|
    |ap_enable_reg_pp0_iter25                |   1|   0|    1|          0|
    |ap_enable_reg_pp0_iter26                |   1|   0|    1|          0|
    |ap_enable_reg_pp0_iter27                |   1|   0|    1|          0|
    |ap_enable_reg_pp0_iter28                |   1|   0|    1|          0|
    |ap_enable_reg_pp0_iter29                |   1|   0|    1|          0|
    |ap_enable_reg_pp0_iter3                 |   1|   0|    1|          0|
    |ap_enable_reg_pp0_iter30                |   1|   0|    1|          0|
    |ap_enable_reg_pp0_iter31                |   1|   0|    1|          0|
    |ap_enable_reg_pp0_iter32                |   1|   0|    1|          0|
    |ap_enable_reg_pp0_iter33                |   1|   0|    1|          0|
    |ap_enable_reg_pp0_iter34                |   1|   0|    1|          0|
    |ap_enable_reg_pp0_iter35                |   1|   0|    1|          0|
    |ap_enable_reg_pp0_iter36                |   1|   0|    1|          0|
    |ap_enable_reg_pp0_iter37                |   1|   0|    1|          0|
    |ap_enable_reg_pp0_iter38                |   1|   0|    1|          0|
    |ap_enable_reg_pp0_iter39                |   1|   0|    1|          0|
    |ap_enable_reg_pp0_iter4                 |   1|   0|    1|          0|
    |ap_enable_reg_pp0_iter40                |   1|   0|    1|          0|
    |ap_enable_reg_pp0_iter41                |   1|   0|    1|          0|
    |ap_enable_reg_pp0_iter5                 |   1|   0|    1|          0|
    |ap_enable_reg_pp0_iter6                 |   1|   0|    1|          0|
    |ap_enable_reg_pp0_iter7                 |   1|   0|    1|          0|
    |ap_enable_reg_pp0_iter8                 |   1|   0|    1|          0|
    |ap_enable_reg_pp0_iter9                 |   1|   0|    1|          0|
    |b_exp_reg_1569                          |   9|   0|    9|          0|
    |bs_exp_V_reg_1343                       |   8|   0|    8|          0|
    |exp_Z1P_m_1_V_reg_1678                  |  18|   0|   18|          0|
    |exp_Z1P_m_1_V_reg_1678_pp0_iter34_reg   |  18|   0|   18|          0|
    |exp_Z1_V_reg_1683                       |  27|   0|   27|          0|
    |exp_Z1_hi_V_reg_1688                    |  18|   0|   18|          0|
    |icmp_ln1019_1_reg_1350                  |   1|   0|    1|          0|
    |icmp_ln1019_reg_1557                    |   1|   0|    1|          0|
    |icmp_ln1035_reg_1746                    |   1|   0|    1|          0|
    |icmp_ln1039_reg_1751                    |   1|   0|    1|          0|
    |log_sum_V_1_reg_1536                    |  56|   0|   56|          0|
    |log_sum_V_reg_1384                      |  56|   0|   56|          0|
    |logn_V_1_reg_1511                       |  49|   0|   49|          0|
    |logn_V_2_reg_1516                       |  44|   0|   44|          0|
    |logn_V_reg_1521                         |  52|   0|   52|          0|
    |m_diff_hi_V_reg_1658                    |   9|   0|    9|          0|
    |m_diff_lo_V_reg_1663                    |  18|   0|   18|          0|
    |m_fix_hi_V_reg_1599                     |  13|   0|   13|          0|
    |mul_ln1270_1_reg_1394                   |  25|   0|   25|          0|
    |or_ln18_reg_1756                        |   1|   0|    1|          0|
    |or_ln853_reg_1741                       |   1|   0|    1|          0|
    |p_Result_10_reg_1363                    |  23|   0|   23|          0|
    |p_Result_12_reg_1604                    |   1|   0|    1|          0|
    |p_Result_s_reg_1357                     |   1|   0|    1|          0|
    |r_V_12_reg_1432                         |  43|   0|   43|          0|
    |r_V_13_reg_1464                         |  47|   0|   47|          0|
    |r_V_14_reg_1526                         |  50|   0|   50|          0|
    |r_V_reg_1708                            |  36|   0|   36|          0|
    |r_V_reg_1708_pp0_iter39_reg             |  36|   0|   36|          0|
    |r_exp_V_reg_1731                        |  10|   0|   10|          0|
    |ret_V_10_cast_reg_1629                  |  10|   0|   10|          0|
    |ret_V_18_reg_1624                       |  25|   0|   25|          0|
    |ret_V_19_reg_1641                       |  10|   0|   10|          0|
    |ret_V_20_reg_1703                       |  27|   0|   27|          0|
    |ret_V_8_reg_1594                        |  64|   0|   64|          0|
    |rhs_7_reg_1579                          |  45|   0|   45|          0|
    |select_ln1035_reg_1766                  |  31|   0|   32|          1|
    |select_ln1488_reg_1427                  |  28|   0|   44|         16|
    |tmp_10_reg_1725                         |   1|   0|    1|          0|
    |tmp_6_reg_1449                          |  35|   0|   35|          0|
    |tmp_7_reg_1480                          |  38|   0|   38|          0|
    |tmp_8_reg_1541                          |  39|   0|   39|          0|
    |tmp_9_reg_1546                          |  23|   0|   23|          0|
    |tmp_reg_1412                            |   1|   0|    1|          0|
    |trunc_ln1003_reg_1636                   |  15|   0|   15|          0|
    |trunc_ln1347_2_reg_1720                 |  25|   0|   25|          0|
    |trunc_ln1347_2_reg_1720_pp0_iter39_reg  |  25|   0|   25|          0|
    |trunc_ln1347_reg_1715                   |  26|   0|   26|          0|
    |trunc_ln1347_reg_1715_pp0_iter39_reg    |  26|   0|   26|          0|
    |trunc_ln1_reg_1589                      |  40|   0|   40|          0|
    |trunc_ln2_reg_1609                      |  27|   0|   27|          0|
    |trunc_ln813_1_reg_1653                  |  27|   0|   27|          0|
    |trunc_ln813_reg_1407                    |  21|   0|   21|          0|
    |x_is_0_reg_1564                         |   1|   0|    1|          0|
    |x_is_inf_reg_1736                       |   1|   0|    1|          0|
    |z2_V_reg_1437                           |  41|   0|   41|          0|
    |z3_V_reg_1469                           |  44|   0|   44|          0|
    |zext_ln818_1_reg_1485                   |  44|   0|   50|          6|
    |a_V_1_reg_1443                          |  64|  32|    6|          0|
    |a_V_reg_1401                            |  64|  32|    4|          0|
    |bs_exp_V_reg_1343                       |  64|  32|    8|          0|
    |exp_Z1_V_reg_1683                       |  64|  32|   27|          0|
    |icmp_ln1019_1_reg_1350                  |  64|  32|    1|          0|
    |icmp_ln1019_reg_1557                    |  64|  32|    1|          0|
    |log_sum_V_1_reg_1536                    |  64|  32|   56|          0|
    |log_sum_V_reg_1384                      |  64|  32|   56|          0|
    |mul_ln1270_1_reg_1394                   |  64|  32|   25|          0|
    |p_Result_12_reg_1604                    |  64|  32|    1|          0|
    |p_Result_s_reg_1357                     |  64|  32|    1|          0|
    |ret_V_19_reg_1641                       |  64|  32|   10|          0|
    |ret_V_8_reg_1594                        |  64|  32|   64|          0|
    |tmp_6_reg_1449                          |  64|  32|   35|          0|
    |tmp_7_reg_1480                          |  64|  32|   38|          0|
    |tmp_8_reg_1541                          |  64|  32|   39|          0|
    |tmp_reg_1412                            |  64|  32|    1|          0|
    |trunc_ln2_reg_1609                      |  64|  32|   27|          0|
    |trunc_ln813_reg_1407                    |  64|  32|   21|          0|
    |x_is_0_reg_1564                         |  64|  32|    1|          0|
    |z2_V_reg_1437                           |  64|  32|   41|          0|
    |zext_ln818_1_reg_1485                   |  64|  32|   50|          6|
    +----------------------------------------+----+----+-----+-----------+
    |Total                                   |2982| 704| 2110|         29|
    +----------------------------------------+----+----+-----+-----------+



================================================================
== Interface
================================================================
* Summary: 
+-----------+-----+-----+------------+---------------------+--------------+
| RTL Ports | Dir | Bits|  Protocol  |    Source Object    |    C Type    |
+-----------+-----+-----+------------+---------------------+--------------+
|ap_clk     |   in|    1|  ap_ctrl_hs|  pown_generic<float>|  return value|
|ap_rst     |   in|    1|  ap_ctrl_hs|  pown_generic<float>|  return value|
|ap_start   |   in|    1|  ap_ctrl_hs|  pown_generic<float>|  return value|
|ap_done    |  out|    1|  ap_ctrl_hs|  pown_generic<float>|  return value|
|ap_idle    |  out|    1|  ap_ctrl_hs|  pown_generic<float>|  return value|
|ap_ready   |  out|    1|  ap_ctrl_hs|  pown_generic<float>|  return value|
|ap_ce      |   in|    1|  ap_ctrl_hs|  pown_generic<float>|  return value|
|ap_return  |  out|   32|  ap_ctrl_hs|  pown_generic<float>|  return value|
|base_r     |   in|   32|     ap_none|               base_r|        scalar|
+-----------+-----+-----+------------+---------------------+--------------+

